#
# A fatal error has been detected by the Java Runtime Environment:
#
#  EXCEPTION_ACCESS_VIOLATION (0xc0000005) at pc=0x00007ffd847de507, pid=9904, tid=24488
#
# JRE version: OpenJDK Runtime Environment Corretto-21.0.5.11.1 (21.0.5+11) (build 21.0.5+11-LTS)
# Java VM: OpenJDK 64-Bit Server VM Corretto-21.0.5.11.1 (21.0.5+11-LTS, mixed mode, sharing, tiered, compressed oops, compressed class ptrs, g1 gc, windows-amd64)
# Problematic frame:
# C  [imgui-java64.dll+0x8e507]
#
# No core dump will be written. Minidumps are not enabled by default on client versions of Windows
#
# If you would like to submit a bug report, please visit:
#   https://github.com/corretto/corretto-21/issues/
# The crash happened outside the Java Virtual Machine in native code.
# See problematic frame for where to report the bug.
#

---------------  S U M M A R Y ------------

Command Line: -Ddebugger.agent.enable.coroutines=true -Dkotlinx.coroutines.debug.enable.creation.stack.trace=false -agentlib:jdwp=transport=dt_socket,server=n,suspend=y,address=127.0.0.1:61809 -javaagent:C:\Users\waleed\AppData\Local\JetBrains\IdeaIC2024.2\captureAgent\debugger-agent.jar -Dfile.encoding=UTF-8 -Duser.country=US -Duser.language=en -Duser.variant Main

Host: AMD Ryzen 7 5800H with Radeon Graphics         , 16 cores, 15G,  Windows 10 , 64 bit Build 19041 (10.0.19041.5198)
Time: Fri Dec 27 19:58:23 2024 Egypt Standard Time elapsed time: 152.595838 seconds (0d 0h 2m 32s)

---------------  T H R E A D  ---------------

Current thread (0x0000018b49188e40):  JavaThread "main"             [_thread_in_native, id=24488, stack(0x0000004e08200000,0x0000004e08300000) (1024K)]

Stack: [0x0000004e08200000,0x0000004e08300000],  sp=0x0000004e082fece0,  free space=1019k
Native frames: (J=compiled Java code, j=interpreted, Vv=VM code, C=native code)
C  [imgui-java64.dll+0x8e507]

Java frames: (J=compiled Java code, j=interpreted, Vv=VM code)
j  imgui.ImDrawData.nGetDisplaySizeX()F+0
j  imgui.ImDrawData.getDisplaySizeX()F+1
j  imgui.gl3.ImGuiImplGl3.renderDrawData(Limgui/ImDrawData;)V+1
j  imgui.gl3.ImGuiImplGl3$RendererRenderWindowFunction.accept(Limgui/ImGuiViewport;)V+31
v  ~StubRoutines::call_stub 0x0000018b58cc100d
j  imgui.ImGui.nRenderPlatformWindowsDefault()V+0
j  imgui.ImGui.renderPlatformWindowsDefault()V+0
j  Laevis.Window.EngineLoop()V+190
j  Laevis.Window.Run()V+15
j  Main.main([Ljava/lang/String;)V+13
v  ~StubRoutines::call_stub 0x0000018b58cc100d

siginfo: EXCEPTION_ACCESS_VIOLATION (0xc0000005), reading address 0x0000000000000020


Registers:
RAX=0x0000000000000000, RBX=0x0000018b6986e438, RCX=0x0000018b491891f8, RDX=0x0000004e082fedb8
RSP=0x0000004e082fece0, RBP=0x0000004e082fed98, RSI=0x0000004e082ff3c0, RDI=0x0000000000000031
R8 =0x0000000000000042, R9 =0x0000000719778370, R10=0x00007ffd875f1960, R11=0x000000000000086c
R12=0x0000018b491891f8, R13=0x0000004e082fedb8, R14=0x0000004e082fedb8, R15=0x0000018b49188e40
RIP=0x00007ffd847de507, EFLAGS=0x0000000000010246


Register to memory mapping:

RAX=0x0 is null
RBX={method} {0x0000018b6986e440} 'nGetDisplaySizeX' '()F' in 'imgui/ImDrawData'
RCX=0x0000018b491891f8 points into unknown readable memory: 0x0000018b6d678cb0 | b0 8c 67 6d 8b 01 00 00
RDX=0x0000004e082fedb8 is pointing into the stack for thread: 0x0000018b49188e40
RSP=0x0000004e082fece0 is pointing into the stack for thread: 0x0000018b49188e40
RBP=0x0000004e082fed98 is pointing into the stack for thread: 0x0000018b49188e40
RSI=0x0000004e082ff3c0 is pointing into the stack for thread: 0x0000018b49188e40
RDI=0x0000000000000031 is an unknown value
R8 =0x0000000000000042 is an unknown value
R9 =0x0000000719778370 is an oop: imgui.ImDrawData 
{0x0000000719778370} - klass: 'imgui/ImDrawData'
 - ---- fields (total size 3 words):
 - public 'ptr' 'J' @16  0 (0x0000000000000000)
R10=0x00007ffd875f1960 jvm.dll
R11=0x000000000000086c is an unknown value
R12=0x0000018b491891f8 points into unknown readable memory: 0x0000018b6d678cb0 | b0 8c 67 6d 8b 01 00 00
R13=0x0000004e082fedb8 is pointing into the stack for thread: 0x0000018b49188e40
R14=0x0000004e082fedb8 is pointing into the stack for thread: 0x0000018b49188e40
R15=0x0000018b49188e40 is a thread

Top of Stack: (sp=0x0000004e082fece0)
0x0000004e082fece0:   0000018b58cc8190 0000000000000000
0x0000004e082fecf0:   0000000000000000 0000004e082fed98
0x0000004e082fed00:   0000004e082fed50 0000000000000000
0x0000004e082fed10:   0000018b6986e438 0000018b58cd07b6
0x0000004e082fed20:   0000018b6986e438 0000000000000000
0x0000004e082fed30:   0000004e082fee08 0000004e082fedc0
0x0000004e082fed40:   0000004e082fedc0 0000018b58cd02a4
0x0000004e082fed50:   0000004e082fed50 0000018b6986e438
0x0000004e082fed60:   0000000000000004 0000018b6986f058
0x0000004e082fed70:   0000000000000000 0000000719b52ef8
0x0000004e082fed80:   0000018b6986e438 0000000000000000
0x0000004e082fed90:   0000004e082fedb8 0000004e082fee08
0x0000004e082feda0:   0000018b58cc93b6 0000000000000000
0x0000004e082fedb0:   0000018b58ccc6f8 0000000719778370
0x0000004e082fedc0:   0000004e082fedc0 0000018b6986e191
0x0000004e082fedd0:   0000000000000002 0000018b6986f058
0x0000004e082fede0:   0000000000000000 0000000719b52ef8
0x0000004e082fedf0:   0000018b6986e1a8 0000004e082fedb8
0x0000004e082fee00:   0000004e082fee18 0000004e082fee68
0x0000004e082fee10:   0000018b58cc93b6 0000000719778370
0x0000004e082fee20:   0000004e082fee20 0000018b697b41e9
0x0000004e082fee30:   0000000000000018 0000018b697b6218
0x0000004e082fee40:   0000000000000000 000000071853b300
0x0000004e082fee50:   0000018b697b47b8 0000004e082fee18
0x0000004e082fee60:   0000004e082fef20 0000004e082fef78
0x0000004e082fee70:   0000018b58cc91b4 0000000000000000
0x0000004e082fee80:   0000000000000000 0000000000000000
0x0000004e082fee90:   0000000000000000 0000000000000000
0x0000004e082feea0:   0000000000000000 0000000000000000
0x0000004e082feeb0:   0000000000000000 0000000000000000
0x0000004e082feec0:   0000000000000000 0000000000000000
0x0000004e082feed0:   0000000000000000 0000000000000000 

Instructions: (pc=0x00007ffd847de507)
0x00007ffd847de407:   1f 84 00 00 00 00 00 66 90 41 55 41 54 48 83 ec
0x00007ffd847de417:   28 49 89 cc 49 89 d5 e8 bd a9 1b 00 4d 8b 0c 24
0x00007ffd847de427:   4c 89 ea 4c 89 e1 49 89 c0 41 ff 91 28 03 00 00
0x00007ffd847de437:   f3 0f 10 40 18 48 83 c4 28 41 5c 41 5d c3 66 66
0x00007ffd847de447:   2e 0f 1f 84 00 00 00 00 00 41 55 41 54 48 83 ec
0x00007ffd847de457:   28 49 89 cc 49 89 d5 e8 7d a9 1b 00 4d 8b 0c 24
0x00007ffd847de467:   4c 89 ea 4c 89 e1 49 89 c0 41 ff 91 28 03 00 00
0x00007ffd847de477:   f3 0f 10 40 1c 48 83 c4 28 41 5c 41 5d c3 66 66
0x00007ffd847de487:   2e 0f 1f 84 00 00 00 00 00 41 55 41 54 53 48 83
0x00007ffd847de497:   ec 20 49 89 cc 4c 89 c3 49 89 d5 e8 39 a9 1b 00
0x00007ffd847de4a7:   4d 8b 0c 24 4c 89 ea 4c 89 e1 49 89 c0 41 ff 91
0x00007ffd847de4b7:   28 03 00 00 49 89 d8 4c 89 e1 48 8b 50 20 48 83
0x00007ffd847de4c7:   c4 20 5b 41 5c 41 5d e9 ad ae 1b 00 66 66 2e 0f
0x00007ffd847de4d7:   1f 84 00 00 00 00 00 66 90 41 55 41 54 48 83 ec
0x00007ffd847de4e7:   28 49 89 cc 49 89 d5 e8 ed a8 1b 00 4d 8b 0c 24
0x00007ffd847de4f7:   4c 89 ea 4c 89 e1 49 89 c0 41 ff 91 28 03 00 00
0x00007ffd847de507:   f3 0f 10 40 20 48 83 c4 28 41 5c 41 5d c3 66 66
0x00007ffd847de517:   2e 0f 1f 84 00 00 00 00 00 41 55 41 54 48 83 ec
0x00007ffd847de527:   28 49 89 cc 49 89 d5 e8 ad a8 1b 00 4d 8b 0c 24
0x00007ffd847de537:   4c 89 ea 4c 89 e1 49 89 c0 41 ff 91 28 03 00 00
0x00007ffd847de547:   f3 0f 10 40 24 48 83 c4 28 41 5c 41 5d c3 66 66
0x00007ffd847de557:   2e 0f 1f 84 00 00 00 00 00 41 55 41 54 53 48 83
0x00007ffd847de567:   ec 20 49 89 cc 4c 89 c3 49 89 d5 e8 69 a8 1b 00
0x00007ffd847de577:   4d 8b 0c 24 4c 89 ea 4c 89 e1 49 89 c0 41 ff 91
0x00007ffd847de587:   28 03 00 00 49 89 d8 4c 89 e1 48 8b 50 28 48 83
0x00007ffd847de597:   c4 20 5b 41 5c 41 5d e9 dd ad 1b 00 66 66 2e 0f
0x00007ffd847de5a7:   1f 84 00 00 00 00 00 66 90 41 55 41 54 48 83 ec
0x00007ffd847de5b7:   28 49 89 cc 49 89 d5 e8 1d a8 1b 00 4d 8b 0c 24
0x00007ffd847de5c7:   4c 89 ea 4c 89 e1 49 89 c0 41 ff 91 28 03 00 00
0x00007ffd847de5d7:   f3 0f 10 40 28 48 83 c4 28 41 5c 41 5d c3 66 66
0x00007ffd847de5e7:   2e 0f 1f 84 00 00 00 00 00 41 55 41 54 48 83 ec
0x00007ffd847de5f7:   28 49 89 cc 49 89 d5 e8 dd a7 1b 00 4d 8b 0c 24 


Stack slot to memory mapping:

stack at sp + 0 slots: 0x0000018b58cc8190 is at code_begin+-112 in 
[CodeBlob (0x0000018b58cc8190)]
Framesize: 0
BufferBlob (0x0000018b58cc8190) used for Interpreter
stack at sp + 1 slots: 0x0 is null
stack at sp + 2 slots: 0x0 is null
stack at sp + 3 slots: 0x0000004e082fed98 is pointing into the stack for thread: 0x0000018b49188e40
stack at sp + 4 slots: 0x0000004e082fed50 is pointing into the stack for thread: 0x0000018b49188e40
stack at sp + 5 slots: 0x0 is null
stack at sp + 6 slots: {method} {0x0000018b6986e440} 'nGetDisplaySizeX' '()F' in 'imgui/ImDrawData'
stack at sp + 7 slots: 0x0000018b58cd07b6 is at code_begin+1974 in an Interpreter codelet
native method entry point (kind = native)  [0x0000018b58cd0000, 0x0000018b58cd1238]  4664 bytes


---------------  P R O C E S S  ---------------

Threads class SMR info:
_java_thread_list=0x0000018b6ffc5a70, length=14, elements={
0x0000018b49188e40, 0x0000018b68e3e240, 0x0000018b68e3f560, 0x0000018b68e415c0,
0x0000018b68e432a0, 0x0000018b68e464e0, 0x0000018b68e4b840, 0x0000018b68e52870,
0x0000018b68e53300, 0x0000018b68e4b1b0, 0x0000018b6d1c9070, 0x0000018b6d1d3f30,
0x0000018b6d1d47c0, 0x0000018b68e4bed0
}

Java Threads: ( => current thread )
=>0x0000018b49188e40 JavaThread "main"                              [_thread_in_native, id=24488, stack(0x0000004e08200000,0x0000004e08300000) (1024K)]
  0x0000018b68e3e240 JavaThread "Reference Handler"          daemon [_thread_blocked, id=18720, stack(0x0000004e08a00000,0x0000004e08b00000) (1024K)]
  0x0000018b68e3f560 JavaThread "Finalizer"                  daemon [_thread_blocked, id=20232, stack(0x0000004e08b00000,0x0000004e08c00000) (1024K)]
  0x0000018b68e415c0 JavaThread "Signal Dispatcher"          daemon [_thread_blocked, id=2592, stack(0x0000004e08c00000,0x0000004e08d00000) (1024K)]
  0x0000018b68e432a0 JavaThread "Attach Listener"            daemon [_thread_blocked, id=20280, stack(0x0000004e08d00000,0x0000004e08e00000) (1024K)]
  0x0000018b68e464e0 JavaThread "Service Thread"             daemon [_thread_blocked, id=8340, stack(0x0000004e08e00000,0x0000004e08f00000) (1024K)]
  0x0000018b68e4b840 JavaThread "Monitor Deflation Thread"   daemon [_thread_blocked, id=4304, stack(0x0000004e08f00000,0x0000004e09000000) (1024K)]
  0x0000018b68e52870 JavaThread "C2 CompilerThread0"         daemon [_thread_blocked, id=18904, stack(0x0000004e09000000,0x0000004e09100000) (1024K)]
  0x0000018b68e53300 JavaThread "C1 CompilerThread0"         daemon [_thread_blocked, id=19004, stack(0x0000004e09100000,0x0000004e09200000) (1024K)]
  0x0000018b68e4b1b0 JavaThread "Common-Cleaner"             daemon [_thread_blocked, id=14612, stack(0x0000004e09200000,0x0000004e09300000) (1024K)]
  0x0000018b6d1c9070 JavaThread "JDWP Transport Listener: dt_socket" daemon [_thread_blocked, id=21920, stack(0x0000004e09400000,0x0000004e09500000) (1024K)]
  0x0000018b6d1d3f30 JavaThread "JDWP Event Helper Thread"   daemon [_thread_blocked, id=23620, stack(0x0000004e09500000,0x0000004e09600000) (1024K)]
  0x0000018b6d1d47c0 JavaThread "JDWP Command Reader"        daemon [_thread_in_native, id=16956, stack(0x0000004e09600000,0x0000004e09700000) (1024K)]
  0x0000018b68e4bed0 JavaThread "Notification Thread"        daemon [_thread_blocked, id=24520, stack(0x0000004e09700000,0x0000004e09800000) (1024K)]
Total: 14

Other Threads:
  0x0000018b68e27170 VMThread "VM Thread"                           [id=15720, stack(0x0000004e08900000,0x0000004e08a00000) (1024K)]
  0x0000018b68e12420 WatcherThread "VM Periodic Task Thread"        [id=21272, stack(0x0000004e08800000,0x0000004e08900000) (1024K)]
  0x0000018b491f07c0 WorkerThread "GC Thread#0"                     [id=14380, stack(0x0000004e08300000,0x0000004e08400000) (1024K)]
  0x0000018b68e27ff0 WorkerThread "GC Thread#1"                     [id=13316, stack(0x0000004e09300000,0x0000004e09400000) (1024K)]
  0x0000018b68e26690 WorkerThread "GC Thread#2"                     [id=12568, stack(0x0000004e09800000,0x0000004e09900000) (1024K)]
  0x0000018b68e26dd0 WorkerThread "GC Thread#3"                     [id=4500, stack(0x0000004e09c00000,0x0000004e09d00000) (1024K)]
  0x0000018b6d30a050 WorkerThread "GC Thread#4"                     [id=23248, stack(0x0000004e09d00000,0x0000004e09e00000) (1024K)]
  0x0000018b6d30b270 WorkerThread "GC Thread#5"                     [id=9696, stack(0x0000004e09e00000,0x0000004e09f00000) (1024K)]
  0x0000018b6d30aed0 WorkerThread "GC Thread#6"                     [id=11380, stack(0x0000004e09f00000,0x0000004e0a000000) (1024K)]
  0x0000018b6d30c0f0 WorkerThread "GC Thread#7"                     [id=17668, stack(0x0000004e0a000000,0x0000004e0a100000) (1024K)]
  0x0000018b6d309910 WorkerThread "GC Thread#8"                     [id=22844, stack(0x0000004e0a100000,0x0000004e0a200000) (1024K)]
  0x0000018b6d309cb0 WorkerThread "GC Thread#9"                     [id=11940, stack(0x0000004e0a200000,0x0000004e0a300000) (1024K)]
  0x0000018b6d30a3f0 WorkerThread "GC Thread#10"                    [id=21940, stack(0x0000004e0a300000,0x0000004e0a400000) (1024K)]
  0x0000018b6d30bd50 WorkerThread "GC Thread#11"                    [id=19984, stack(0x0000004e0a400000,0x0000004e0a500000) (1024K)]
  0x0000018b6d30c490 WorkerThread "GC Thread#12"                    [id=8060, stack(0x0000004e0a500000,0x0000004e0a600000) (1024K)]
  0x0000018b49200ee0 ConcurrentGCThread "G1 Main Marker"            [id=11500, stack(0x0000004e08400000,0x0000004e08500000) (1024K)]
  0x0000018b492039f0 WorkerThread "G1 Conc#0"                       [id=23696, stack(0x0000004e08500000,0x0000004e08600000) (1024K)]
  0x0000018b68ce4600 ConcurrentGCThread "G1 Refine#0"               [id=22820, stack(0x0000004e08600000,0x0000004e08700000) (1024K)]
  0x0000018b68ce4f10 ConcurrentGCThread "G1 Service"                [id=1400, stack(0x0000004e08700000,0x0000004e08800000) (1024K)]
Total: 19

Threads with active compile tasks:
Total: 0

VM state: not at safepoint (normal execution)

VM Mutex/Monitor currently owned by a thread: None

Heap address: 0x000000070a600000, size: 3930 MB, Compressed Oops mode: Zero based, Oop shift amount: 3

CDS archive(s) mapped at: [0x0000018b00000000-0x0000018b00c80000-0x0000018b00c80000), size 13107200, SharedBaseAddress: 0x0000018b00000000, ArchiveRelocationMode: 1.
Compressed class space mapped at: 0x0000018b01000000-0x0000018b41000000, reserved size: 1073741824
Narrow klass base: 0x0000018b00000000, Narrow klass shift: 0, Narrow klass range: 0x100000000

GC Precious Log:
 CardTable entry size: 512
 Card Set container configuration: InlinePtr #cards 4 size 8 Array Of Cards #cards 16 size 48 Howl #buckets 8 coarsen threshold 3686 Howl Bitmap #cards 512 size 80 coarsen threshold 460 Card regions per heap region 1 cards per card region 4096
 CPUs: 16 total, 16 available
 Memory: 15715M
 Large Page Support: Disabled
 NUMA Support: Disabled
 Compressed Oops: Enabled (Zero based)
 Heap Region Size: 2M
 Heap Min Capacity: 8M
 Heap Initial Capacity: 246M
 Heap Max Capacity: 3930M
 Pre-touch: Disabled
 Parallel Workers: 13
 Concurrent Workers: 3
 Concurrent Refinement Workers: 13
 Periodic GC: Disabled

Heap:
 garbage-first heap   total 251904K, used 19679K [0x000000070a600000, 0x0000000800000000)
  region size 2048K, 5 young (10240K), 2 survivors (4096K)
 Metaspace       used 8689K, committed 8896K, reserved 1114112K
  class space    used 526K, committed 640K, reserved 1048576K

Heap Regions: E=young(eden), S=young(survivor), O=old, HS=humongous(starts), HC=humongous(continues), CS=collection set, F=free, TAMS=top-at-mark-start, PB=parsable bottom
|   0|0x000000070a600000, 0x000000070a800000, 0x000000070a800000|100%|HS|  |TAMS 0x000000070a600000| PB 0x000000070a600000| Complete 
|   1|0x000000070a800000, 0x000000070aa00000, 0x000000070aa00000|100%|HC|  |TAMS 0x000000070a800000| PB 0x000000070a800000| Complete 
|   2|0x000000070aa00000, 0x000000070ac00000, 0x000000070ac00000|100%|HC|  |TAMS 0x000000070aa00000| PB 0x000000070aa00000| Complete 
|   3|0x000000070ac00000, 0x000000070ae00000, 0x000000070ae00000|100%|HC|  |TAMS 0x000000070ac00000| PB 0x000000070ac00000| Complete 
|   4|0x000000070ae00000, 0x000000070b000000, 0x000000070b000000|100%|HC|  |TAMS 0x000000070ae00000| PB 0x000000070ae00000| Complete 
|   5|0x000000070b000000, 0x000000070b200000, 0x000000070b200000|100%|HC|  |TAMS 0x000000070b000000| PB 0x000000070b000000| Complete 
|   6|0x000000070b200000, 0x000000070b400000, 0x000000070b400000|100%|HC|  |TAMS 0x000000070b200000| PB 0x000000070b200000| Complete 
|   7|0x000000070b400000, 0x000000070b400000, 0x000000070b600000|  0%| F|  |TAMS 0x000000070b400000| PB 0x000000070b400000| Untracked 
|   8|0x000000070b600000, 0x000000070b600000, 0x000000070b800000|  0%| F|  |TAMS 0x000000070b600000| PB 0x000000070b600000| Untracked 
|   9|0x000000070b800000, 0x000000070b800000, 0x000000070ba00000|  0%| F|  |TAMS 0x000000070b800000| PB 0x000000070b800000| Untracked 
|  10|0x000000070ba00000, 0x000000070ba00000, 0x000000070bc00000|  0%| F|  |TAMS 0x000000070ba00000| PB 0x000000070ba00000| Untracked 
|  11|0x000000070bc00000, 0x000000070bc00000, 0x000000070be00000|  0%| F|  |TAMS 0x000000070bc00000| PB 0x000000070bc00000| Untracked 
|  12|0x000000070be00000, 0x000000070be00000, 0x000000070c000000|  0%| F|  |TAMS 0x000000070be00000| PB 0x000000070be00000| Untracked 
|  13|0x000000070c000000, 0x000000070c000000, 0x000000070c200000|  0%| F|  |TAMS 0x000000070c000000| PB 0x000000070c000000| Untracked 
|  14|0x000000070c200000, 0x000000070c200000, 0x000000070c400000|  0%| F|  |TAMS 0x000000070c200000| PB 0x000000070c200000| Untracked 
|  15|0x000000070c400000, 0x000000070c400000, 0x000000070c600000|  0%| F|  |TAMS 0x000000070c400000| PB 0x000000070c400000| Untracked 
|  16|0x000000070c600000, 0x000000070c600000, 0x000000070c800000|  0%| F|  |TAMS 0x000000070c600000| PB 0x000000070c600000| Untracked 
|  17|0x000000070c800000, 0x000000070c800000, 0x000000070ca00000|  0%| F|  |TAMS 0x000000070c800000| PB 0x000000070c800000| Untracked 
|  18|0x000000070ca00000, 0x000000070ca00000, 0x000000070cc00000|  0%| F|  |TAMS 0x000000070ca00000| PB 0x000000070ca00000| Untracked 
|  19|0x000000070cc00000, 0x000000070cc00000, 0x000000070ce00000|  0%| F|  |TAMS 0x000000070cc00000| PB 0x000000070cc00000| Untracked 
|  20|0x000000070ce00000, 0x000000070ce00000, 0x000000070d000000|  0%| F|  |TAMS 0x000000070ce00000| PB 0x000000070ce00000| Untracked 
|  21|0x000000070d000000, 0x000000070d000000, 0x000000070d200000|  0%| F|  |TAMS 0x000000070d000000| PB 0x000000070d000000| Untracked 
|  22|0x000000070d200000, 0x000000070d200000, 0x000000070d400000|  0%| F|  |TAMS 0x000000070d200000| PB 0x000000070d200000| Untracked 
|  23|0x000000070d400000, 0x000000070d400000, 0x000000070d600000|  0%| F|  |TAMS 0x000000070d400000| PB 0x000000070d400000| Untracked 
|  24|0x000000070d600000, 0x000000070d600000, 0x000000070d800000|  0%| F|  |TAMS 0x000000070d600000| PB 0x000000070d600000| Untracked 
|  25|0x000000070d800000, 0x000000070d800000, 0x000000070da00000|  0%| F|  |TAMS 0x000000070d800000| PB 0x000000070d800000| Untracked 
|  26|0x000000070da00000, 0x000000070da00000, 0x000000070dc00000|  0%| F|  |TAMS 0x000000070da00000| PB 0x000000070da00000| Untracked 
|  27|0x000000070dc00000, 0x000000070dc00000, 0x000000070de00000|  0%| F|  |TAMS 0x000000070dc00000| PB 0x000000070dc00000| Untracked 
|  28|0x000000070de00000, 0x000000070de00000, 0x000000070e000000|  0%| F|  |TAMS 0x000000070de00000| PB 0x000000070de00000| Untracked 
|  29|0x000000070e000000, 0x000000070e000000, 0x000000070e200000|  0%| F|  |TAMS 0x000000070e000000| PB 0x000000070e000000| Untracked 
|  30|0x000000070e200000, 0x000000070e200000, 0x000000070e400000|  0%| F|  |TAMS 0x000000070e200000| PB 0x000000070e200000| Untracked 
|  31|0x000000070e400000, 0x000000070e400000, 0x000000070e600000|  0%| F|  |TAMS 0x000000070e400000| PB 0x000000070e400000| Untracked 
|  32|0x000000070e600000, 0x000000070e600000, 0x000000070e800000|  0%| F|  |TAMS 0x000000070e600000| PB 0x000000070e600000| Untracked 
|  33|0x000000070e800000, 0x000000070e800000, 0x000000070ea00000|  0%| F|  |TAMS 0x000000070e800000| PB 0x000000070e800000| Untracked 
|  34|0x000000070ea00000, 0x000000070ea00000, 0x000000070ec00000|  0%| F|  |TAMS 0x000000070ea00000| PB 0x000000070ea00000| Untracked 
|  35|0x000000070ec00000, 0x000000070ec00000, 0x000000070ee00000|  0%| F|  |TAMS 0x000000070ec00000| PB 0x000000070ec00000| Untracked 
|  36|0x000000070ee00000, 0x000000070ee00000, 0x000000070f000000|  0%| F|  |TAMS 0x000000070ee00000| PB 0x000000070ee00000| Untracked 
|  37|0x000000070f000000, 0x000000070f000000, 0x000000070f200000|  0%| F|  |TAMS 0x000000070f000000| PB 0x000000070f000000| Untracked 
|  38|0x000000070f200000, 0x000000070f200000, 0x000000070f400000|  0%| F|  |TAMS 0x000000070f200000| PB 0x000000070f200000| Untracked 
|  39|0x000000070f400000, 0x000000070f400000, 0x000000070f600000|  0%| F|  |TAMS 0x000000070f400000| PB 0x000000070f400000| Untracked 
|  40|0x000000070f600000, 0x000000070f600000, 0x000000070f800000|  0%| F|  |TAMS 0x000000070f600000| PB 0x000000070f600000| Untracked 
|  41|0x000000070f800000, 0x000000070f800000, 0x000000070fa00000|  0%| F|  |TAMS 0x000000070f800000| PB 0x000000070f800000| Untracked 
|  42|0x000000070fa00000, 0x000000070fa00000, 0x000000070fc00000|  0%| F|  |TAMS 0x000000070fa00000| PB 0x000000070fa00000| Untracked 
|  43|0x000000070fc00000, 0x000000070fc00000, 0x000000070fe00000|  0%| F|  |TAMS 0x000000070fc00000| PB 0x000000070fc00000| Untracked 
|  44|0x000000070fe00000, 0x000000070fe00000, 0x0000000710000000|  0%| F|  |TAMS 0x000000070fe00000| PB 0x000000070fe00000| Untracked 
|  45|0x0000000710000000, 0x0000000710000000, 0x0000000710200000|  0%| F|  |TAMS 0x0000000710000000| PB 0x0000000710000000| Untracked 
|  46|0x0000000710200000, 0x0000000710200000, 0x0000000710400000|  0%| F|  |TAMS 0x0000000710200000| PB 0x0000000710200000| Untracked 
|  47|0x0000000710400000, 0x0000000710400000, 0x0000000710600000|  0%| F|  |TAMS 0x0000000710400000| PB 0x0000000710400000| Untracked 
|  48|0x0000000710600000, 0x0000000710600000, 0x0000000710800000|  0%| F|  |TAMS 0x0000000710600000| PB 0x0000000710600000| Untracked 
|  49|0x0000000710800000, 0x0000000710800000, 0x0000000710a00000|  0%| F|  |TAMS 0x0000000710800000| PB 0x0000000710800000| Untracked 
|  50|0x0000000710a00000, 0x0000000710a00000, 0x0000000710c00000|  0%| F|  |TAMS 0x0000000710a00000| PB 0x0000000710a00000| Untracked 
|  51|0x0000000710c00000, 0x0000000710c00000, 0x0000000710e00000|  0%| F|  |TAMS 0x0000000710c00000| PB 0x0000000710c00000| Untracked 
|  52|0x0000000710e00000, 0x0000000710e00000, 0x0000000711000000|  0%| F|  |TAMS 0x0000000710e00000| PB 0x0000000710e00000| Untracked 
|  53|0x0000000711000000, 0x0000000711000000, 0x0000000711200000|  0%| F|  |TAMS 0x0000000711000000| PB 0x0000000711000000| Untracked 
|  54|0x0000000711200000, 0x0000000711200000, 0x0000000711400000|  0%| F|  |TAMS 0x0000000711200000| PB 0x0000000711200000| Untracked 
|  55|0x0000000711400000, 0x0000000711400000, 0x0000000711600000|  0%| F|  |TAMS 0x0000000711400000| PB 0x0000000711400000| Untracked 
|  56|0x0000000711600000, 0x0000000711600000, 0x0000000711800000|  0%| F|  |TAMS 0x0000000711600000| PB 0x0000000711600000| Untracked 
|  57|0x0000000711800000, 0x0000000711800000, 0x0000000711a00000|  0%| F|  |TAMS 0x0000000711800000| PB 0x0000000711800000| Untracked 
|  58|0x0000000711a00000, 0x0000000711a00000, 0x0000000711c00000|  0%| F|  |TAMS 0x0000000711a00000| PB 0x0000000711a00000| Untracked 
|  59|0x0000000711c00000, 0x0000000711c00000, 0x0000000711e00000|  0%| F|  |TAMS 0x0000000711c00000| PB 0x0000000711c00000| Untracked 
|  60|0x0000000711e00000, 0x0000000711e00000, 0x0000000712000000|  0%| F|  |TAMS 0x0000000711e00000| PB 0x0000000711e00000| Untracked 
|  61|0x0000000712000000, 0x0000000712000000, 0x0000000712200000|  0%| F|  |TAMS 0x0000000712000000| PB 0x0000000712000000| Untracked 
|  62|0x0000000712200000, 0x0000000712200000, 0x0000000712400000|  0%| F|  |TAMS 0x0000000712200000| PB 0x0000000712200000| Untracked 
|  63|0x0000000712400000, 0x0000000712400000, 0x0000000712600000|  0%| F|  |TAMS 0x0000000712400000| PB 0x0000000712400000| Untracked 
|  64|0x0000000712600000, 0x0000000712600000, 0x0000000712800000|  0%| F|  |TAMS 0x0000000712600000| PB 0x0000000712600000| Untracked 
|  65|0x0000000712800000, 0x0000000712800000, 0x0000000712a00000|  0%| F|  |TAMS 0x0000000712800000| PB 0x0000000712800000| Untracked 
|  66|0x0000000712a00000, 0x0000000712a00000, 0x0000000712c00000|  0%| F|  |TAMS 0x0000000712a00000| PB 0x0000000712a00000| Untracked 
|  67|0x0000000712c00000, 0x0000000712c00000, 0x0000000712e00000|  0%| F|  |TAMS 0x0000000712c00000| PB 0x0000000712c00000| Untracked 
|  68|0x0000000712e00000, 0x0000000712e00000, 0x0000000713000000|  0%| F|  |TAMS 0x0000000712e00000| PB 0x0000000712e00000| Untracked 
|  69|0x0000000713000000, 0x0000000713000000, 0x0000000713200000|  0%| F|  |TAMS 0x0000000713000000| PB 0x0000000713000000| Untracked 
|  70|0x0000000713200000, 0x0000000713200000, 0x0000000713400000|  0%| F|  |TAMS 0x0000000713200000| PB 0x0000000713200000| Untracked 
|  71|0x0000000713400000, 0x0000000713400000, 0x0000000713600000|  0%| F|  |TAMS 0x0000000713400000| PB 0x0000000713400000| Untracked 
|  72|0x0000000713600000, 0x0000000713600000, 0x0000000713800000|  0%| F|  |TAMS 0x0000000713600000| PB 0x0000000713600000| Untracked 
|  73|0x0000000713800000, 0x0000000713800000, 0x0000000713a00000|  0%| F|  |TAMS 0x0000000713800000| PB 0x0000000713800000| Untracked 
|  74|0x0000000713a00000, 0x0000000713a00000, 0x0000000713c00000|  0%| F|  |TAMS 0x0000000713a00000| PB 0x0000000713a00000| Untracked 
|  75|0x0000000713c00000, 0x0000000713c00000, 0x0000000713e00000|  0%| F|  |TAMS 0x0000000713c00000| PB 0x0000000713c00000| Untracked 
|  76|0x0000000713e00000, 0x0000000713e00000, 0x0000000714000000|  0%| F|  |TAMS 0x0000000713e00000| PB 0x0000000713e00000| Untracked 
|  77|0x0000000714000000, 0x0000000714000000, 0x0000000714200000|  0%| F|  |TAMS 0x0000000714000000| PB 0x0000000714000000| Untracked 
|  78|0x0000000714200000, 0x0000000714200000, 0x0000000714400000|  0%| F|  |TAMS 0x0000000714200000| PB 0x0000000714200000| Untracked 
|  79|0x0000000714400000, 0x0000000714400000, 0x0000000714600000|  0%| F|  |TAMS 0x0000000714400000| PB 0x0000000714400000| Untracked 
|  80|0x0000000714600000, 0x0000000714600000, 0x0000000714800000|  0%| F|  |TAMS 0x0000000714600000| PB 0x0000000714600000| Untracked 
|  81|0x0000000714800000, 0x0000000714800000, 0x0000000714a00000|  0%| F|  |TAMS 0x0000000714800000| PB 0x0000000714800000| Untracked 
|  82|0x0000000714a00000, 0x0000000714a00000, 0x0000000714c00000|  0%| F|  |TAMS 0x0000000714a00000| PB 0x0000000714a00000| Untracked 
|  83|0x0000000714c00000, 0x0000000714c00000, 0x0000000714e00000|  0%| F|  |TAMS 0x0000000714c00000| PB 0x0000000714c00000| Untracked 
|  84|0x0000000714e00000, 0x0000000714e00000, 0x0000000715000000|  0%| F|  |TAMS 0x0000000714e00000| PB 0x0000000714e00000| Untracked 
|  85|0x0000000715000000, 0x0000000715000000, 0x0000000715200000|  0%| F|  |TAMS 0x0000000715000000| PB 0x0000000715000000| Untracked 
|  86|0x0000000715200000, 0x0000000715200000, 0x0000000715400000|  0%| F|  |TAMS 0x0000000715200000| PB 0x0000000715200000| Untracked 
|  87|0x0000000715400000, 0x0000000715400000, 0x0000000715600000|  0%| F|  |TAMS 0x0000000715400000| PB 0x0000000715400000| Untracked 
|  88|0x0000000715600000, 0x0000000715600000, 0x0000000715800000|  0%| F|  |TAMS 0x0000000715600000| PB 0x0000000715600000| Untracked 
|  89|0x0000000715800000, 0x0000000715800000, 0x0000000715a00000|  0%| F|  |TAMS 0x0000000715800000| PB 0x0000000715800000| Untracked 
|  90|0x0000000715a00000, 0x0000000715a00000, 0x0000000715c00000|  0%| F|  |TAMS 0x0000000715a00000| PB 0x0000000715a00000| Untracked 
|  91|0x0000000715c00000, 0x0000000715c00000, 0x0000000715e00000|  0%| F|  |TAMS 0x0000000715c00000| PB 0x0000000715c00000| Untracked 
|  92|0x0000000715e00000, 0x0000000715e00000, 0x0000000716000000|  0%| F|  |TAMS 0x0000000715e00000| PB 0x0000000715e00000| Untracked 
|  93|0x0000000716000000, 0x0000000716000000, 0x0000000716200000|  0%| F|  |TAMS 0x0000000716000000| PB 0x0000000716000000| Untracked 
|  94|0x0000000716200000, 0x0000000716200000, 0x0000000716400000|  0%| F|  |TAMS 0x0000000716200000| PB 0x0000000716200000| Untracked 
|  95|0x0000000716400000, 0x0000000716400000, 0x0000000716600000|  0%| F|  |TAMS 0x0000000716400000| PB 0x0000000716400000| Untracked 
|  96|0x0000000716600000, 0x0000000716600000, 0x0000000716800000|  0%| F|  |TAMS 0x0000000716600000| PB 0x0000000716600000| Untracked 
|  97|0x0000000716800000, 0x0000000716800000, 0x0000000716a00000|  0%| F|  |TAMS 0x0000000716800000| PB 0x0000000716800000| Untracked 
|  98|0x0000000716a00000, 0x0000000716a00000, 0x0000000716c00000|  0%| F|  |TAMS 0x0000000716a00000| PB 0x0000000716a00000| Untracked 
|  99|0x0000000716c00000, 0x0000000716c00000, 0x0000000716e00000|  0%| F|  |TAMS 0x0000000716c00000| PB 0x0000000716c00000| Untracked 
| 100|0x0000000716e00000, 0x0000000716e00000, 0x0000000717000000|  0%| F|  |TAMS 0x0000000716e00000| PB 0x0000000716e00000| Untracked 
| 101|0x0000000717000000, 0x0000000717000000, 0x0000000717200000|  0%| F|  |TAMS 0x0000000717000000| PB 0x0000000717000000| Untracked 
| 102|0x0000000717200000, 0x0000000717200000, 0x0000000717400000|  0%| F|  |TAMS 0x0000000717200000| PB 0x0000000717200000| Untracked 
| 103|0x0000000717400000, 0x0000000717400000, 0x0000000717600000|  0%| F|  |TAMS 0x0000000717400000| PB 0x0000000717400000| Untracked 
| 104|0x0000000717600000, 0x0000000717600000, 0x0000000717800000|  0%| F|  |TAMS 0x0000000717600000| PB 0x0000000717600000| Untracked 
| 105|0x0000000717800000, 0x0000000717800000, 0x0000000717a00000|  0%| F|  |TAMS 0x0000000717800000| PB 0x0000000717800000| Untracked 
| 106|0x0000000717a00000, 0x0000000717a00000, 0x0000000717c00000|  0%| F|  |TAMS 0x0000000717a00000| PB 0x0000000717a00000| Untracked 
| 107|0x0000000717c00000, 0x0000000717c00000, 0x0000000717e00000|  0%| F|  |TAMS 0x0000000717c00000| PB 0x0000000717c00000| Untracked 
| 108|0x0000000717e00000, 0x0000000717e00000, 0x0000000718000000|  0%| F|  |TAMS 0x0000000717e00000| PB 0x0000000717e00000| Untracked 
| 109|0x0000000718000000, 0x0000000718000000, 0x0000000718200000|  0%| F|  |TAMS 0x0000000718000000| PB 0x0000000718000000| Untracked 
| 110|0x0000000718200000, 0x0000000718337fb8, 0x0000000718400000| 60%| S|CS|TAMS 0x0000000718200000| PB 0x0000000718200000| Complete 
| 111|0x0000000718400000, 0x0000000718600000, 0x0000000718600000|100%| S|CS|TAMS 0x0000000718400000| PB 0x0000000718400000| Complete 
| 112|0x0000000718600000, 0x0000000718600000, 0x0000000718800000|  0%| F|  |TAMS 0x0000000718600000| PB 0x0000000718600000| Untracked 
| 113|0x0000000718800000, 0x0000000718800000, 0x0000000718a00000|  0%| F|  |TAMS 0x0000000718800000| PB 0x0000000718800000| Untracked 
| 114|0x0000000718a00000, 0x0000000718a00000, 0x0000000718c00000|  0%| F|  |TAMS 0x0000000718a00000| PB 0x0000000718a00000| Untracked 
| 115|0x0000000718c00000, 0x0000000718c00000, 0x0000000718e00000|  0%| F|  |TAMS 0x0000000718c00000| PB 0x0000000718c00000| Untracked 
| 116|0x0000000718e00000, 0x0000000718e00000, 0x0000000719000000|  0%| F|  |TAMS 0x0000000718e00000| PB 0x0000000718e00000| Untracked 
| 117|0x0000000719000000, 0x0000000719000000, 0x0000000719200000|  0%| F|  |TAMS 0x0000000719000000| PB 0x0000000719000000| Untracked 
| 118|0x0000000719200000, 0x0000000719200000, 0x0000000719400000|  0%| F|  |TAMS 0x0000000719200000| PB 0x0000000719200000| Untracked 
| 119|0x0000000719400000, 0x0000000719400000, 0x0000000719600000|  0%| F|  |TAMS 0x0000000719400000| PB 0x0000000719400000| Untracked 
| 120|0x0000000719600000, 0x00000007197c7268, 0x0000000719800000| 88%| E|  |TAMS 0x0000000719600000| PB 0x0000000719600000| Complete 
| 121|0x0000000719800000, 0x0000000719a00000, 0x0000000719a00000|100%| E|  |TAMS 0x0000000719800000| PB 0x0000000719800000| Complete 
| 122|0x0000000719a00000, 0x0000000719c00000, 0x0000000719c00000|100%| E|CS|TAMS 0x0000000719a00000| PB 0x0000000719a00000| Complete 

Card table byte_map: [0x0000018b618b0000,0x0000018b62060000] _byte_map_base: 0x0000018b5e05d000

Marking Bits: (CMBitMap*) 0x0000018b491f0ec0
 Bits: [0x0000018b62060000, 0x0000018b65dc8000)

Polling page: 0x0000018b46fe0000

Metaspace:

Usage:
  Non-class:      7.97 MB used.
      Class:    526.61 KB used.
       Both:      8.49 MB used.

Virtual space:
  Non-class space:       64.00 MB reserved,       8.06 MB ( 13%) committed,  1 nodes.
      Class space:        1.00 GB reserved,     640.00 KB ( <1%) committed,  1 nodes.
             Both:        1.06 GB reserved,       8.69 MB ( <1%) committed. 

Chunk freelists:
   Non-Class:  6.03 MB
       Class:  15.37 MB
        Both:  21.41 MB

MaxMetaspaceSize: unlimited
CompressedClassSpaceSize: 1.00 GB
Initial GC threshold: 21.00 MB
Current GC threshold: 21.00 MB
CDS: on
 - commit_granule_bytes: 65536.
 - commit_granule_words: 8192.
 - virtual_space_node_default_size: 8388608.
 - enlarge_chunks_in_place: 1.
 - use_allocation_guard: 0.


Internal statistics:

num_allocs_failed_limit: 0.
num_arena_births: 150.
num_arena_deaths: 0.
num_vsnodes_births: 2.
num_vsnodes_deaths: 0.
num_space_committed: 137.
num_space_uncommitted: 0.
num_chunks_returned_to_freelist: 0.
num_chunks_taken_from_freelist: 393.
num_chunk_merges: 0.
num_chunk_splits: 293.
num_chunks_enlarged: 235.
num_inconsistent_stats: 0.

CodeHeap 'non-profiled nmethods': size=119168Kb used=288Kb max_used=288Kb free=118880Kb
 bounds [0x0000018b59410000, 0x0000018b59680000, 0x0000018b60870000]
CodeHeap 'profiled nmethods': size=119104Kb used=1342Kb max_used=1342Kb free=117761Kb
 bounds [0x0000018b51870000, 0x0000018b51ae0000, 0x0000018b58cc0000]
CodeHeap 'non-nmethods': size=7488Kb used=2522Kb max_used=3850Kb free=4965Kb
 bounds [0x0000018b58cc0000, 0x0000018b59090000, 0x0000018b59410000]
 total_blobs=2251 nmethods=886 adapters=1270
 compilation: enabled
              stopped_count=0, restarted_count=0
 full_count=0

Compilation events (20 events):
Event: 4.027 Thread 0x0000018b6ffb38b0 nmethod 840 0x0000018b519bb690 code [0x0000018b519bb860, 0x0000018b519bbb98]
Event: 4.027 Thread 0x0000018b6ffb38b0  846       3       org.lwjgl.opengl.GL$1::getFunctionAddress (85 bytes)
Event: 4.027 Thread 0x0000018b6d105e40 nmethod 845 0x0000018b519bbd10 code [0x0000018b519bbec0, 0x0000018b519bc0b8]
Event: 4.027 Thread 0x0000018b68e53300 nmethod 839 0x0000018b519bc190 code [0x0000018b519bc3c0, 0x0000018b519bca00]
Event: 4.027 Thread 0x0000018b6ffb3f80 nmethod 837 0x0000018b519bcc90 code [0x0000018b519bcf20, 0x0000018b519bdd78]
Event: 4.027 Thread 0x0000018b6d105e40  847       3       org.lwjgl.PointerBuffer::get (22 bytes)
Event: 4.027 Thread 0x0000018b68e53300  848       3       org.lwjgl.PointerBuffer::put (24 bytes)
Event: 4.028 Thread 0x0000018b68e53300 nmethod 848 0x0000018b519be310 code [0x0000018b519be4e0, 0x0000018b519be838]
Event: 4.028 Thread 0x0000018b6d105e40 nmethod 847 0x0000018b519bea10 code [0x0000018b519bec00, 0x0000018b519bf060]
Event: 4.028 Thread 0x0000018b6ffb38b0 nmethod 846 0x0000018b519bf290 code [0x0000018b519bf480, 0x0000018b519bf9b0]
Event: 4.040 Thread 0x0000018b68e52870  849       4       org.lwjgl.system.MemoryUtil::encodeASCIIUnsafe (53 bytes)
Event: 4.044 Thread 0x0000018b68e52870 nmethod 849 0x0000018b59450310 code [0x0000018b594504a0, 0x0000018b594506f0]
Event: 4.044 Thread 0x0000018b68e52870  850       4       java.util.HashMap::getNode (150 bytes)
Event: 4.046 Thread 0x0000018b68e52870 nmethod 850 0x0000018b59450910 code [0x0000018b59450ae0, 0x0000018b59450f60]
Event: 4.046 Thread 0x0000018b68e52870  851       4       org.lwjgl.system.MemoryStack::pop (22 bytes)
Event: 4.047 Thread 0x0000018b68e52870 nmethod 851 0x0000018b59451290 code [0x0000018b59451420, 0x0000018b59451510]
Event: 4.118 Thread 0x0000018b6ffb38b0  852       1       org.lwjgl.system.CustomBuffer::limit (5 bytes)
Event: 4.118 Thread 0x0000018b68e52870  853       4       org.lwjgl.PointerBuffer::get (22 bytes)
Event: 4.118 Thread 0x0000018b6ffb38b0 nmethod 852 0x0000018b59451610 code [0x0000018b594517a0, 0x0000018b59451868]
Event: 4.119 Thread 0x0000018b68e52870 nmethod 853 0x0000018b59451910 code [0x0000018b59451aa0, 0x0000018b59451ba0]

GC Heap History (2 events):
Event: 40.539 GC heap before
{Heap before GC invocations=0 (full 0):
 garbage-first heap   total 251904K, used 38912K [0x000000070a600000, 0x0000000800000000)
  region size 2048K, 11 young (22528K), 0 survivors (0K)
 Metaspace       used 6294K, committed 6464K, reserved 1114112K
  class space    used 434K, committed 512K, reserved 1048576K
}
Event: 40.541 GC heap after
{Heap after GC invocations=1 (full 0):
 garbage-first heap   total 251904K, used 17631K [0x000000070a600000, 0x0000000800000000)
  region size 2048K, 2 young (4096K), 2 survivors (4096K)
 Metaspace       used 6294K, committed 6464K, reserved 1114112K
  class space    used 434K, committed 512K, reserved 1048576K
}

Dll operation events (13 events):
Event: 0.005 Loaded shared library C:\Users\waleed\.jdks\corretto-21.0.5\bin\java.dll
Event: 0.005 Loaded shared library C:\Users\waleed\.jdks\corretto-21.0.5\bin\zip.dll
Event: 0.024 Loaded shared library C:\Users\waleed\.jdks\corretto-21.0.5\bin\jsvml.dll
Event: 0.077 Loaded shared library C:\Users\waleed\.jdks\corretto-21.0.5\bin\instrument.dll
Event: 1.899 Loaded shared library C:\Users\waleed\.jdks\corretto-21.0.5\bin\net.dll
Event: 1.900 Loaded shared library C:\Users\waleed\.jdks\corretto-21.0.5\bin\nio.dll
Event: 1.909 Loaded shared library C:\Users\waleed\.jdks\corretto-21.0.5\bin\zip.dll
Event: 1.977 Loaded shared library C:\Users\waleed\.jdks\corretto-21.0.5\bin\jimage.dll
Event: 2.009 Loaded shared library C:\Users\waleed\AppData\Local\Temp\lwjgl_waleed\3.3.4+7\x64\lwjgl.dll
Event: 3.925 Loaded shared library C:\Users\waleed\AppData\Local\Temp\lwjgl_waleed\3.3.4+7\x64\lwjgl_opengl.dll
Event: 6.030 Loaded shared library C:\Users\waleed\.jdks\corretto-21.0.5\bin\verify.dll
Event: 12.995 Loaded shared library C:\Users\waleed\AppData\Local\Temp\lwjgl_waleed\3.3.4+7\x64\lwjgl_stb.dll
Event: 40.654 Loaded shared library C:\Users\waleed\AppData\Local\Temp\imgui-java-natives\1.87.7\imgui-java64.dll

Deoptimization events (20 events):
Event: 1.916 Thread 0x0000018b49188e40 DEOPT PACKING pc=0x0000018b59420ca0 sp=0x0000004e082fe0d0
Event: 1.916 Thread 0x0000018b49188e40 DEOPT UNPACKING pc=0x0000018b58d146a2 sp=0x0000004e082fe080 mode 2
Event: 1.916 Thread 0x0000018b49188e40 Uncommon trap: trap_request=0xffffffde fr.pc=0x0000018b59420ca0 relative=0x0000000000000be0
Event: 1.916 Thread 0x0000018b49188e40 Uncommon trap: reason=class_check action=maybe_recompile pc=0x0000018b59420ca0 method=java.util.HashMap.putVal(ILjava/lang/Object;Ljava/lang/Object;ZZ)Ljava/lang/Object; @ 152 c2
Event: 1.916 Thread 0x0000018b49188e40 DEOPT PACKING pc=0x0000018b59420ca0 sp=0x0000004e082fe0d0
Event: 1.916 Thread 0x0000018b49188e40 DEOPT UNPACKING pc=0x0000018b58d146a2 sp=0x0000004e082fe080 mode 2
Event: 1.917 Thread 0x0000018b49188e40 Uncommon trap: trap_request=0xffffffde fr.pc=0x0000018b59420ca0 relative=0x0000000000000be0
Event: 1.917 Thread 0x0000018b49188e40 Uncommon trap: reason=class_check action=maybe_recompile pc=0x0000018b59420ca0 method=java.util.HashMap.putVal(ILjava/lang/Object;Ljava/lang/Object;ZZ)Ljava/lang/Object; @ 152 c2
Event: 1.917 Thread 0x0000018b49188e40 DEOPT PACKING pc=0x0000018b59420ca0 sp=0x0000004e082fe0d0
Event: 1.917 Thread 0x0000018b49188e40 DEOPT UNPACKING pc=0x0000018b58d146a2 sp=0x0000004e082fe080 mode 2
Event: 1.935 Thread 0x0000018b49188e40 DEOPT PACKING pc=0x0000018b518a354f sp=0x0000004e082fd5f0
Event: 1.935 Thread 0x0000018b49188e40 DEOPT UNPACKING pc=0x0000018b58d14e42 sp=0x0000004e082fca10 mode 0
Event: 2.001 Thread 0x0000018b49188e40 Uncommon trap: trap_request=0xffffff45 fr.pc=0x0000018b5942d894 relative=0x0000000000000074
Event: 2.001 Thread 0x0000018b49188e40 Uncommon trap: reason=unstable_if action=reinterpret pc=0x0000018b5942d894 method=java.io.WinNTFileSystem.isSlash(C)Z @ 9 c2
Event: 2.001 Thread 0x0000018b49188e40 DEOPT PACKING pc=0x0000018b5942d894 sp=0x0000004e082fb690
Event: 2.001 Thread 0x0000018b49188e40 DEOPT UNPACKING pc=0x0000018b58d146a2 sp=0x0000004e082fb628 mode 2
Event: 2.057 Thread 0x0000018b49188e40 Uncommon trap: trap_request=0xffffff45 fr.pc=0x0000018b5942caa8 relative=0x0000000000000c48
Event: 2.057 Thread 0x0000018b49188e40 Uncommon trap: reason=unstable_if action=reinterpret pc=0x0000018b5942caa8 method=java.util.HashMap.putVal(ILjava/lang/Object;Ljava/lang/Object;ZZ)Ljava/lang/Object; @ 181 c2
Event: 2.057 Thread 0x0000018b49188e40 DEOPT PACKING pc=0x0000018b5942caa8 sp=0x0000004e082fb770
Event: 2.057 Thread 0x0000018b49188e40 DEOPT UNPACKING pc=0x0000018b58d146a2 sp=0x0000004e082fb740 mode 2

Classes loaded (20 events):
Event: 152.580 Loading class imgui/glfw/ImGuiImplGlfw
Event: 152.580 Loading class imgui/glfw/ImGuiImplGlfw done
Event: 152.580 Loading class org/lwjgl/glfw/GLFWWindowPosCallbackI
Event: 152.580 Loading class org/lwjgl/glfw/GLFWWindowPosCallbackI done
Event: 152.581 Loading class imgui/glfw/ImGuiImplGlfw
Event: 152.581 Loading class imgui/glfw/ImGuiImplGlfw done
Event: 152.583 Loading class org/lwjgl/glfw/GLFWWindowPosCallback
Event: 152.583 Loading class org/lwjgl/glfw/GLFWWindowPosCallback done
Event: 152.584 Loading class org/lwjgl/glfw/GLFWWindowPosCallback$Container
Event: 152.584 Loading class org/lwjgl/glfw/GLFWWindowPosCallback$Container done
Event: 152.585 Loading class imgui/glfw/ImGuiImplGlfw
Event: 152.585 Loading class imgui/glfw/ImGuiImplGlfw done
Event: 152.585 Loading class org/lwjgl/glfw/GLFWWindowSizeCallbackI
Event: 152.585 Loading class org/lwjgl/glfw/GLFWWindowSizeCallbackI done
Event: 152.585 Loading class imgui/glfw/ImGuiImplGlfw
Event: 152.585 Loading class imgui/glfw/ImGuiImplGlfw done
Event: 152.586 Loading class org/lwjgl/glfw/GLFWWindowSizeCallback
Event: 152.586 Loading class org/lwjgl/glfw/GLFWWindowSizeCallback done
Event: 152.587 Loading class org/lwjgl/glfw/GLFWWindowSizeCallback$Container
Event: 152.587 Loading class org/lwjgl/glfw/GLFWWindowSizeCallback$Container done

Classes unloaded (0 events):
No events

Classes redefined (0 events):
No events

Internal exceptions (20 events):
Event: 2.088 Thread 0x0000018b49188e40 Exception <a 'java/lang/NoSuchMethodError'{0x0000000719322e30}: 'int java.lang.invoke.DirectMethodHandle$Holder.invokeStaticInit(java.lang.Object, java.lang.Object, java.lang.Object, long)'> (0x0000000719322e30) 
thrown [s\src\hotspot\share\interpreter\linkResolver.cpp, line 773]
Event: 2.111 Thread 0x0000018b49188e40 Exception <a 'sun/nio/fs/WindowsException'{0x0000000719009bf0}> (0x0000000719009bf0) 
thrown [s\src\hotspot\share\prims\jni.cpp, line 520]
Event: 2.111 Thread 0x0000018b49188e40 Exception <a 'sun/nio/fs/WindowsException'{0x0000000719009f60}> (0x0000000719009f60) 
thrown [s\src\hotspot\share\prims\jni.cpp, line 520]
Event: 2.118 Thread 0x0000018b49188e40 Exception <a 'java/lang/NoSuchMethodError'{0x000000071902bfc8}: 'int java.lang.invoke.Invokers$Holder.invokeExact_MT(java.lang.Object, java.lang.Object)'> (0x000000071902bfc8) 
thrown [s\src\hotspot\share\interpreter\linkResolver.cpp, line 773]
Event: 3.920 Thread 0x0000018b49188e40 Exception <a 'java/lang/NoSuchMethodError'{0x00000007190ad7c0}: 'void java.lang.System.load(java.lang.String, java.lang.Class)'> (0x00000007190ad7c0) 
thrown [s\src\hotspot\share\interpreter\linkResolver.cpp, line 773]
Event: 3.921 Thread 0x0000018b49188e40 Exception <a 'java/lang/NoSuchMethodError'{0x00000007190b0230}: 'void java.lang.System.loadLibrary(java.lang.String, java.lang.Class)'> (0x00000007190b0230) 
thrown [s\src\hotspot\share\interpreter\linkResolver.cpp, line 773]
Event: 3.924 Thread 0x0000018b49188e40 Exception <a 'sun/nio/fs/WindowsException'{0x00000007190bfaf8}> (0x00000007190bfaf8) 
thrown [s\src\hotspot\share\prims\jni.cpp, line 520]
Event: 3.924 Thread 0x0000018b49188e40 Exception <a 'sun/nio/fs/WindowsException'{0x00000007190bfea8}> (0x00000007190bfea8) 
thrown [s\src\hotspot\share\prims\jni.cpp, line 520]
Event: 3.928 Thread 0x0000018b49188e40 Exception <a 'sun/nio/fs/WindowsException'{0x00000007190ca338}> (0x00000007190ca338) 
thrown [s\src\hotspot\share\prims\jni.cpp, line 520]
Event: 3.928 Thread 0x0000018b49188e40 Exception <a 'sun/nio/fs/WindowsException'{0x00000007190ca620}> (0x00000007190ca620) 
thrown [s\src\hotspot\share\prims\jni.cpp, line 520]
Event: 7.064 Thread 0x0000018b49188e40 Exception <a 'java/lang/NoSuchMethodError'{0x0000000718a32458}: 'float java.lang.invoke.DelegatingMethodHandle$Holder.reinvoke_L(java.lang.Object, java.lang.Object)'> (0x0000000718a32458) 
thrown [s\src\hotspot\share\interpreter\linkResolver.cpp, line 773]
Event: 7.067 Thread 0x0000018b49188e40 Exception <a 'java/lang/NoSuchMethodError'{0x0000000718a3c580}: 'void java.lang.invoke.DelegatingMethodHandle$Holder.reinvoke_L(java.lang.Object, java.lang.Object, float)'> (0x0000000718a3c580) 
thrown [s\src\hotspot\share\interpreter\linkResolver.cpp, line 773]
Event: 7.077 Thread 0x0000018b49188e40 Exception <a 'java/lang/NoSuchMethodError'{0x0000000718a57920}: 'void java.lang.invoke.Invokers$Holder.invokeExact_MT(java.lang.Object, java.lang.Object, java.lang.Object, java.lang.Object)'> (0x0000000718a57920) 
thrown [s\src\hotspot\share\interpreter\linkResolver.cpp, line 773]
Event: 7.096 Thread 0x0000018b49188e40 Exception <a 'java/lang/NoSuchMethodError'{0x0000000718aadfe0}: 'void java.lang.invoke.DelegatingMethodHandle$Holder.reinvoke_L(java.lang.Object, java.lang.Object, int)'> (0x0000000718aadfe0) 
thrown [s\src\hotspot\share\interpreter\linkResolver.cpp, line 773]
Event: 7.098 Thread 0x0000018b49188e40 Exception <a 'java/lang/NoSuchMethodError'{0x0000000718ab4900}: 'void java.lang.invoke.Invokers$Holder.invokeExact_MT(java.lang.Object, java.lang.Object, int, java.lang.Object)'> (0x0000000718ab4900) 
thrown [s\src\hotspot\share\interpreter\linkResolver.cpp, line 773]
Event: 12.980 Thread 0x0000018b49188e40 Exception <a 'java/lang/NoSuchMethodError'{0x000000071897d9a8}: 'void java.lang.System.load(java.lang.String, java.lang.Class)'> (0x000000071897d9a8) 
thrown [s\src\hotspot\share\interpreter\linkResolver.cpp, line 773]
Event: 12.981 Thread 0x0000018b49188e40 Exception <a 'java/lang/NoSuchMethodError'{0x0000000718980418}: 'void java.lang.System.loadLibrary(java.lang.String, java.lang.Class)'> (0x0000000718980418) 
thrown [s\src\hotspot\share\interpreter\linkResolver.cpp, line 773]
Event: 12.993 Thread 0x0000018b49188e40 Exception <a 'sun/nio/fs/WindowsException'{0x0000000718990178}> (0x0000000718990178) 
thrown [s\src\hotspot\share\prims\jni.cpp, line 520]
Event: 12.993 Thread 0x0000018b49188e40 Exception <a 'sun/nio/fs/WindowsException'{0x0000000718990500}> (0x0000000718990500) 
thrown [s\src\hotspot\share\prims\jni.cpp, line 520]
Event: 152.577 Thread 0x0000018b49188e40 Exception <a 'java/lang/NoSuchMethodError'{0x0000000719758230}: 'void java.lang.invoke.DirectMethodHandle$Holder.invokeStatic(java.lang.Object, java.lang.Object, long)'> (0x0000000719758230) 
thrown [s\src\hotspot\share\interpreter\linkResolver.cpp, line 773]

ZGC Phase Switch (0 events):
No events

VM Operations (20 events):
Event: 114.896 Executing VM operation: get/set locals
Event: 114.896 Executing VM operation: get/set locals done
Event: 114.896 Executing VM operation: get/set locals
Event: 114.896 Executing VM operation: get/set locals done
Event: 114.896 Executing VM operation: get/set locals
Event: 114.896 Executing VM operation: get/set locals done
Event: 114.897 Executing VM operation: get/set locals
Event: 114.897 Executing VM operation: get/set locals done
Event: 151.775 Executing VM operation: get/set locals
Event: 151.775 Executing VM operation: get/set locals done
Event: 151.775 Executing VM operation: get/set locals
Event: 151.775 Executing VM operation: get/set locals done
Event: 151.775 Executing VM operation: get/set locals
Event: 151.775 Executing VM operation: get/set locals done
Event: 151.775 Executing VM operation: get/set locals
Event: 151.775 Executing VM operation: get/set locals done
Event: 151.775 Executing VM operation: get/set locals
Event: 151.775 Executing VM operation: get/set locals done
Event: 151.776 Executing VM operation: get/set locals
Event: 151.776 Executing VM operation: get/set locals done

Memory protections (0 events):
No events

Nmethod flushes (0 events):
No events

Events (20 events):
Event: 0.023 Thread 0x0000018b49188e40 Thread added: 0x0000018b68e3f560
Event: 0.023 Thread 0x0000018b49188e40 Thread added: 0x0000018b68e415c0
Event: 0.023 Thread 0x0000018b49188e40 Thread added: 0x0000018b68e432a0
Event: 0.023 Thread 0x0000018b49188e40 Thread added: 0x0000018b68e464e0
Event: 0.023 Thread 0x0000018b49188e40 Thread added: 0x0000018b68e4b840
Event: 0.024 Thread 0x0000018b49188e40 Thread added: 0x0000018b68e52870
Event: 0.024 Thread 0x0000018b49188e40 Thread added: 0x0000018b68e53300
Event: 0.051 Thread 0x0000018b49188e40 Thread added: 0x0000018b68e4b1b0
Event: 0.055 Thread 0x0000018b68e53300 Thread added: 0x0000018b6d105e40
Event: 0.065 Thread 0x0000018b49188e40 Thread added: 0x0000018b6d1c9070
Event: 0.065 Thread 0x0000018b49188e40 Thread added: 0x0000018b6d1d3f30
Event: 0.065 Thread 0x0000018b6d1c9070 Thread added: 0x0000018b6d1d47c0
Event: 0.085 Thread 0x0000018b49188e40 Thread added: 0x0000018b68e4bed0
Event: 1.926 Thread 0x0000018b68e53300 Thread added: 0x0000018b6d2fc200
Event: 3.918 Thread 0x0000018b6d2fc200 Thread exited: 0x0000018b6d2fc200
Event: 3.927 Thread 0x0000018b68e53300 Thread added: 0x0000018b6ffb38b0
Event: 3.927 Thread 0x0000018b68e53300 Thread added: 0x0000018b6ffb3f80
Event: 9.118 Thread 0x0000018b6ffb3f80 Thread exited: 0x0000018b6ffb3f80
Event: 9.134 Thread 0x0000018b6ffb38b0 Thread exited: 0x0000018b6ffb38b0
Event: 14.128 Thread 0x0000018b6d105e40 Thread exited: 0x0000018b6d105e40


Dynamic libraries:
0x00007ff7e7310000 - 0x00007ff7e731e000 	C:\Users\waleed\.jdks\corretto-21.0.5\bin\java.exe
0x00007ffdffe90000 - 0x00007ffe00088000 	C:\WINDOWS\SYSTEM32\ntdll.dll
0x00007ffdfe510000 - 0x00007ffdfe5d2000 	C:\WINDOWS\System32\KERNEL32.DLL
0x00007ffdfd740000 - 0x00007ffdfda3e000 	C:\WINDOWS\System32\KERNELBASE.dll
0x00007ffdfdba0000 - 0x00007ffdfdca0000 	C:\WINDOWS\System32\ucrtbase.dll
0x00007ffddb760000 - 0x00007ffddb778000 	C:\Users\waleed\.jdks\corretto-21.0.5\bin\jli.dll
0x00007ffddcd80000 - 0x00007ffddcd9b000 	C:\Users\waleed\.jdks\corretto-21.0.5\bin\VCRUNTIME140.dll
0x00007ffdfeb90000 - 0x00007ffdfed2d000 	C:\WINDOWS\System32\USER32.dll
0x00007ffdfdca0000 - 0x00007ffdfdcc2000 	C:\WINDOWS\System32\win32u.dll
0x00007ffddd110000 - 0x00007ffddd3aa000 	C:\WINDOWS\WinSxS\amd64_microsoft.windows.common-controls_6595b64144ccf1df_6.0.19041.4355_none_60b8b9eb71f62e16\COMCTL32.dll
0x00007ffdfed30000 - 0x00007ffdfed5b000 	C:\WINDOWS\System32\GDI32.dll
0x00007ffdff820000 - 0x00007ffdff8be000 	C:\WINDOWS\System32\msvcrt.dll
0x00007ffdfd620000 - 0x00007ffdfd737000 	C:\WINDOWS\System32\gdi32full.dll
0x00007ffdfd530000 - 0x00007ffdfd5cd000 	C:\WINDOWS\System32\msvcp_win.dll
0x00007ffdff5b0000 - 0x00007ffdff5df000 	C:\WINDOWS\System32\IMM32.DLL
0x00007ffddb750000 - 0x00007ffddb75c000 	C:\Users\waleed\.jdks\corretto-21.0.5\bin\vcruntime140_1.dll
0x00007ffdcd4a0000 - 0x00007ffdcd52d000 	C:\Users\waleed\.jdks\corretto-21.0.5\bin\msvcp140.dll
0x00007ffd86930000 - 0x00007ffd876cd000 	C:\Users\waleed\.jdks\corretto-21.0.5\bin\server\jvm.dll
0x00007ffdfe5e0000 - 0x00007ffdfe691000 	C:\WINDOWS\System32\ADVAPI32.dll
0x00007ffdff5e0000 - 0x00007ffdff67f000 	C:\WINDOWS\System32\sechost.dll
0x00007ffdff680000 - 0x00007ffdff7a3000 	C:\WINDOWS\System32\RPCRT4.dll
0x00007ffdfdcd0000 - 0x00007ffdfdcf7000 	C:\WINDOWS\System32\bcrypt.dll
0x00007ffdff7b0000 - 0x00007ffdff81b000 	C:\WINDOWS\System32\WS2_32.dll
0x00007ffdfd390000 - 0x00007ffdfd3db000 	C:\WINDOWS\SYSTEM32\POWRPROF.dll
0x00007ffdf37e0000 - 0x00007ffdf3807000 	C:\WINDOWS\SYSTEM32\WINMM.dll
0x00007ffdf6a80000 - 0x00007ffdf6a8a000 	C:\WINDOWS\SYSTEM32\VERSION.dll
0x00007ffdfd370000 - 0x00007ffdfd382000 	C:\WINDOWS\SYSTEM32\UMPDC.dll
0x00007ffdfb3b0000 - 0x00007ffdfb3c2000 	C:\WINDOWS\SYSTEM32\kernel.appcore.dll
0x00007ffddac60000 - 0x00007ffddac6a000 	C:\Users\waleed\.jdks\corretto-21.0.5\bin\jimage.dll
0x00007ffdf2ea0000 - 0x00007ffdf3084000 	C:\WINDOWS\SYSTEM32\DBGHELP.DLL
0x00007ffdf1200000 - 0x00007ffdf1234000 	C:\WINDOWS\SYSTEM32\dbgcore.DLL
0x00007ffdfdd00000 - 0x00007ffdfdd82000 	C:\WINDOWS\System32\bcryptPrimitives.dll
0x00007ffdd3e40000 - 0x00007ffdd3e7c000 	C:\Users\waleed\.jdks\corretto-21.0.5\bin\jdwp.dll
0x00007ffdd8eb0000 - 0x00007ffdd8ebe000 	C:\Users\waleed\.jdks\corretto-21.0.5\bin\instrument.dll
0x00007ffdd8e90000 - 0x00007ffdd8eaf000 	C:\Users\waleed\.jdks\corretto-21.0.5\bin\java.dll
0x00007ffdd8e70000 - 0x00007ffdd8e88000 	C:\Users\waleed\.jdks\corretto-21.0.5\bin\zip.dll
0x00007ffdfee40000 - 0x00007ffdff5ad000 	C:\WINDOWS\System32\SHELL32.dll
0x00007ffdfb5b0000 - 0x00007ffdfbd54000 	C:\WINDOWS\SYSTEM32\windows.storage.dll
0x00007ffdfe140000 - 0x00007ffdfe493000 	C:\WINDOWS\System32\combase.dll
0x00007ffdfcef0000 - 0x00007ffdfcf1e000 	C:\WINDOWS\SYSTEM32\Wldp.dll
0x00007ffdfe6a0000 - 0x00007ffdfe76d000 	C:\WINDOWS\System32\OLEAUT32.dll
0x00007ffdfe790000 - 0x00007ffdfe83d000 	C:\WINDOWS\System32\SHCORE.dll
0x00007ffdfea80000 - 0x00007ffdfead5000 	C:\WINDOWS\System32\shlwapi.dll
0x00007ffdfd460000 - 0x00007ffdfd484000 	C:\WINDOWS\SYSTEM32\profapi.dll
0x00007ffdc8870000 - 0x00007ffdc8947000 	C:\Users\waleed\.jdks\corretto-21.0.5\bin\jsvml.dll
0x00007ffdf91c0000 - 0x00007ffdf91cb000 	C:\Users\waleed\.jdks\corretto-21.0.5\bin\dt_socket.dll
0x00007ffdfc930000 - 0x00007ffdfc96b000 	C:\WINDOWS\SYSTEM32\IPHLPAPI.DLL
0x00007ffdfcc50000 - 0x00007ffdfccba000 	C:\WINDOWS\system32\mswsock.dll
0x00007ffdd8ce0000 - 0x00007ffdd8cf0000 	C:\Users\waleed\.jdks\corretto-21.0.5\bin\net.dll
0x00007ffdf7ee0000 - 0x00007ffdf7fed000 	C:\WINDOWS\SYSTEM32\WINHTTP.dll
0x00007ffdd3cd0000 - 0x00007ffdd3ce6000 	C:\Users\waleed\.jdks\corretto-21.0.5\bin\nio.dll
0x00007ffdd2f30000 - 0x00007ffdd2fab000 	C:\Users\waleed\AppData\Local\Temp\lwjgl_waleed\3.3.4+7\x64\lwjgl.dll
0x00007ffdcf450000 - 0x00007ffdcf4d5000 	C:\Users\waleed\AppData\Local\Temp\lwjgl_waleed\3.3.4+7\x64\glfw.dll
0x00007ffdd1ca0000 - 0x00007ffdd1ce5000 	C:\WINDOWS\SYSTEM32\dinput8.dll
0x00007ffdec760000 - 0x00007ffdec771000 	C:\WINDOWS\SYSTEM32\xinput1_4.dll
0x00007ffdfd5d0000 - 0x00007ffdfd61e000 	C:\WINDOWS\System32\cfgmgr32.dll
0x00007ffdfd250000 - 0x00007ffdfd283000 	C:\WINDOWS\SYSTEM32\DEVOBJ.dll
0x00007ffdfb1d0000 - 0x00007ffdfb1ff000 	C:\WINDOWS\SYSTEM32\dwmapi.dll
0x00007ffddace0000 - 0x00007ffddae32000 	C:\WINDOWS\SYSTEM32\inputhost.dll
0x00007ffdf9d60000 - 0x00007ffdf9eb7000 	C:\WINDOWS\SYSTEM32\wintypes.dll
0x00007ffdf8800000 - 0x00007ffdf88f2000 	C:\WINDOWS\SYSTEM32\CoreMessaging.dll
0x00007ffdfa860000 - 0x00007ffdfa956000 	C:\WINDOWS\SYSTEM32\PROPSYS.dll
0x00007ffdf84a0000 - 0x00007ffdf87fb000 	C:\WINDOWS\SYSTEM32\CoreUIComponents.dll
0x00007ffdfc7c0000 - 0x00007ffdfc7f3000 	C:\WINDOWS\SYSTEM32\ntmarta.dll
0x00007ffdfae80000 - 0x00007ffdfaf1e000 	C:\WINDOWS\system32\uxtheme.dll
0x00007ffdff8c0000 - 0x00007ffdff9d5000 	C:\WINDOWS\System32\MSCTF.dll
0x00007ffdbd870000 - 0x00007ffdbd998000 	C:\WINDOWS\SYSTEM32\opengl32.dll
0x00007ffddb720000 - 0x00007ffddb74c000 	C:\WINDOWS\SYSTEM32\GLU32.dll
0x00007ffdfeae0000 - 0x00007ffdfeb89000 	C:\WINDOWS\System32\clbcatq.dll
0x00007ffdec640000 - 0x00007ffdec66a000 	C:\WINDOWS\System32\DriverStore\FileRepository\u0367686.inf_amd64_8619bf9fd6ff97a0\B366682\atig6pxx.dll
0x00007ffd7b650000 - 0x00007ffd7e439000 	C:\WINDOWS\System32\DriverStore\FileRepository\u0367686.inf_amd64_8619bf9fd6ff97a0\B366682\atio6axx.dll
0x00007ffdff9e0000 - 0x00007ffdffe4e000 	C:\WINDOWS\System32\SETUPAPI.dll
0x00007ffdfdf10000 - 0x00007ffdfe03b000 	C:\WINDOWS\System32\ole32.dll
0x00007ffda3a40000 - 0x00007ffda3a64000 	C:\WINDOWS\SYSTEM32\dxva2.dll
0x00007ffdd39c0000 - 0x00007ffdd39fc000 	C:\WINDOWS\System32\DriverStore\FileRepository\u0367686.inf_amd64_8619bf9fd6ff97a0\B366682\atig6txx.dll
0x00007ffdc9400000 - 0x00007ffdc95b8000 	C:\WINDOWS\SYSTEM32\atiadlxx.dll
0x00007ffdfe840000 - 0x00007ffdfe848000 	C:\WINDOWS\System32\PSAPI.DLL
0x00007ffddfb70000 - 0x00007ffddfbc1000 	C:\WINDOWS\SYSTEM32\pdh.dll
0x00007ffdfde40000 - 0x00007ffdfdea9000 	C:\WINDOWS\System32\WINTRUST.dll
0x00007ffdfda40000 - 0x00007ffdfdb9c000 	C:\WINDOWS\System32\CRYPT32.dll
0x00007ffdfd080000 - 0x00007ffdfd092000 	C:\WINDOWS\SYSTEM32\MSASN1.dll
0x00007ffddfe40000 - 0x00007ffddfe7b000 	C:\WINDOWS\SYSTEM32\dxcore.dll
0x00007ffddb190000 - 0x00007ffddb289000 	C:\WINDOWS\SYSTEM32\textinputframework.dll
0x00007ffdd3620000 - 0x00007ffdd3681000 	C:\Users\waleed\AppData\Local\Temp\lwjgl_waleed\3.3.4+7\x64\lwjgl_opengl.dll
0x00007ffdd85b0000 - 0x00007ffdd85c0000 	C:\Users\waleed\.jdks\corretto-21.0.5\bin\verify.dll
0x00007ffdd3580000 - 0x00007ffdd3620000 	C:\Users\waleed\AppData\Local\Temp\lwjgl_waleed\3.3.4+7\x64\lwjgl_stb.dll
0x00007ffd84750000 - 0x00007ffd8566e000 	C:\Users\waleed\AppData\Local\Temp\imgui-java-natives\1.87.7\imgui-java64.dll

dbghelp: loaded successfully - version: 4.0.5 - missing functions: none
symbol engine: initialized successfully - sym options: 0x614 - pdb path: .;C:\Users\waleed\.jdks\corretto-21.0.5\bin;C:\WINDOWS\SYSTEM32;C:\WINDOWS\WinSxS\amd64_microsoft.windows.common-controls_6595b64144ccf1df_6.0.19041.4355_none_60b8b9eb71f62e16;C:\Users\waleed\.jdks\corretto-21.0.5\bin\server;C:\Users\waleed\AppData\Local\Temp\lwjgl_waleed\3.3.4+7\x64;C:\WINDOWS\System32\DriverStore\FileRepository\u0367686.inf_amd64_8619bf9fd6ff97a0\B366682;C:\Users\waleed\AppData\Local\Temp\imgui-java-natives\1.87.7

VM Arguments:
jvm_args: -Ddebugger.agent.enable.coroutines=true -Dkotlinx.coroutines.debug.enable.creation.stack.trace=false -agentlib:jdwp=transport=dt_socket,server=n,suspend=y,address=127.0.0.1:61809 -javaagent:C:\Users\waleed\AppData\Local\JetBrains\IdeaIC2024.2\captureAgent\debugger-agent.jar -Dfile.encoding=UTF-8 -Duser.country=US -Duser.language=en -Duser.variant 
java_command: Main
java_class_path (initial): C:\Users\waleed\source\repos\Laevis\build\classes\java\main;C:\Users\waleed\source\repos\Laevis\build\resources\main;C:\Users\waleed\.gradle\caches\modules-2\files-2.1\io.github.spair\imgui-java-app\1.87.7\e96804c792edbd001d6e87bd5408a3a26c3859f7\imgui-java-app-1.87.7.jar;C:\Users\waleed\.gradle\caches\modules-2\files-2.1\io.github.spair\imgui-java-natives-windows\1.87.7\47b507e5c550241ff6f7232399f7b1f0eaab44b6\imgui-java-natives-windows-1.87.7.jar;C:\Users\waleed\.gradle\caches\modules-2\files-2.1\com.google.code.gson\gson\2.11.0\527175ca6d81050b53bdd4c457a6d6e017626b0e\gson-2.11.0.jar;C:\Users\waleed\.gradle\caches\modules-2\files-2.1\io.github.spair\imgui-java-lwjgl3\1.87.7\6dbccf590436d782bf8b30c50c31c0679d5c07e6\imgui-java-lwjgl3-1.87.7.jar;C:\Users\waleed\.gradle\caches\modules-2\files-2.1\org.lwjgl\lwjgl-assimp\3.3.4\4651577de25afb21511c4b39e1ee3002ab1cad5d\lwjgl-assimp-3.3.4.jar;C:\Users\waleed\.gradle\caches\modules-2\files-2.1\org.lwjgl\lwjgl-assimp\3.3.4\65a7534e8a97b340c5e9716e15339b2b8964d656\lwjgl-assimp-3.3.4-natives-windows.jar;C:\Users\waleed\.gradle\caches\modules-2\files-2.1\org.lwjgl\lwjgl-glfw\3.3.4\7e46ecdec85db8738053cfde1414352cd62dab74\lwjgl-glfw-3.3.4.jar;C:\Users\waleed\.gradle\caches\modules-2\files-2.1\org.lwjgl\lwjgl-glfw\3.3.4\370ef92d15819a123c643dd2b0fc3a2d40bb263c\lwjgl-glfw-3.3.4-natives-windows.jar;C:\Users\waleed\.gradle\caches\modules-2\files-2.1\org.lwjgl\lwjgl-glfw\3.3.4\91e3d4b56d6d1369ef107b9d7801c9f38125c590\lwjgl-glfw-3.3.4-natives-linux.jar;C:\Users\waleed\.gradle\caches\modules-2\files-2.1\org.lwjgl\lwjgl-glfw\3.3.4\753fa860987242ceefa990a6062a18dff4908a33\lwjgl-glfw-3.3.4-natives-macos.jar;C:\Users\waleed\.gradle\caches\modules-2\files-2.1\org.lwjgl\lwjgl-glfw\3.3.4\4c358e983516fb6318b76c892ac35b79e8f2f8d9\lwjgl-glfw-3.3.4-natives-macos-arm64.jar;C:\Users\waleed\.gradle\caches\modules-2\files-2.1\org.lwjgl\lwjgl-nfd\3.3.4\176827b812b331189e36d4879926f50f4fc37b50\lwjgl-nfd-3.3.4.jar;C:\Users\waleed\.gradle\caches\modules-2\files-2.1\org.lwjgl\lwjgl-nfd\3.3.4\f67e276de66b5666322c6cbc7772786de99634bf\lwjgl-nfd-3.3.4-natives-windows.jar;C:\Users\waleed\.gradle\caches\modules-2\files-2.1\org.lwjgl\lwjgl-openal\3.3.4\9b74d3ea380c83353d42af43ad9659e04dabe84a\lwjgl-openal-3.3.4.jar;C:\Users\waleed\.gradle\caches\modules-2\files-2.1\org.lwjgl\lwjgl-openal\3.3.4\c4de8af803aacda71044418095a71cd63b569a15\lwjgl-openal-3.3.4-natives-windows.jar;C:\Users\waleed\.gradle\caches\modules-2\files-2.1\org.lwjgl\lwjgl-opengl\3.3.4\2852ac7d9f6fc71349f1ce28e2708ff1977f18af\lwjgl-opengl-3.3.4.jar;C:\Users\waleed\.gradle\caches\modules-2\files-2.1\org.lwjgl\lwjgl-opengl\3.3.4\f7ca4e75573a9ce83075bd86bc8a3e49ff106696\lwjgl-opengl-3.3.4-natives-windows.jar;C:\Users\waleed\.gradle\caches\modules-2\files-2.1\org.lwjgl\lwjgl-opengl\3.3.4\789df76d2e3da55349d858dfb81442149af7c7f4\lwjgl-opengl-3.3.4-natives-linux.jar;C:\Users\waleed\.gradle\caches\modules-2\files-2.1\org.lwjgl\lwjgl-opengl\3.3.4\ae0dd9d292744114f54d268a98cf1cd748b9994d\lwjgl-opengl-3.3.4-natives-macos.jar;C:\Users\waleed\.gradle\caches\modules-2\files-2.1\org.lwjgl\lwjgl-opengl\3.3.4\832e7deef981577ee7aeb3b9e1c74bc0e5d26cce\lwjgl-opengl-3.3.4-natives-macos-arm64.jar;C:\Users\waleed\.gradle\caches\modules-2\files-2.1\org.lwjgl\lwjgl-stb\3.3.4\5821735d5ef23f6da8542887344e57eb181b7cac\lwjgl-stb-3.3.4.jar;C:\Users\waleed\.gradle\caches\modules-2\files-2.1\org.lwjgl\lwjgl-stb\3.3.4\8310e565463ec8d369528e8b26a9b1518d079a01\lwjgl-stb-3.3.4-natives-windows.jar;C:\Users\waleed\.gradle\caches\modules-2\files-2.1\org.lwjgl\lwjgl\3.3.4\b86c3e4832426e8a6b466013b7cb34b40e9ce956\lwjgl-3.3.4.jar;C:\Users\waleed\.gradle\caches\modules-2\files-2.1\org.lwjgl\lwjgl\3.3.4\dd0927c1348cdcd9573fa24b7278ec1ac2bb0a76\lwjgl-3.3.4-natives-windows.jar;C:\Users\waleed\.gradle\caches\modules-2\files-2.1\org.lwjgl\lwjgl\3.3.4\a7ccba1d3f2fef214943e74335a80cc65d04e49\lwjgl-3.3.4-natives-linux.jar;C:\Users\waleed\.gradle\caches\modules-2\files-2.1\org.lwjgl\lwjgl\3.3.4\f952bb0894c946445942431de2e311feee635c00\lwjgl-3.3.4-natives-macos.jar;C:\Users\waleed\.gradle\caches\modules-2\files-2.1\org.lwjgl\lwjgl\3.3.4\d12785da7cdca4921603b5dd83f712f5cdba3fc4\lwjgl-3.3.4-natives-macos-arm64.jar;C:\Users\waleed\.gradle\caches\modules-2\files-2.1\org.joml\joml\1.10.7\f8c3f2e7db281bde099342dd36133de4bbba390c\joml-1.10.7.jar;C:\Users\waleed\.gradle\caches\modules-2\files-2.1\io.github.spair\imgui-java-binding\1.87.7\ddfd99abb397925aabcdae78ea53c3efff6f8f08\imgui-java-binding-1.87.7.jar;C:\Users\waleed\.gradle\caches\modules-2\files-2.1\com.google.errorprone\error_prone_annotations\2.27.0\91b2c29d8a6148b5e2e4930f070d4840e2e48e34\error_prone_annotations-2.27.0.jar;C:\Users\waleed\.gradle\caches\modules-2\files-2.1\org.jetbrains.kotlin\kotlin-stdlib-jdk8\1.8.20\73576ddf378c5b4f1f6b449fe6b119b8183fc078\kotlin-stdlib-jdk8-1.8.20.jar;C:\Users\waleed\.gradle\caches\modules-2\files-2.1\org.jetbrains.kotlin\kotlin-stdlib-jdk7\1.8.20\3aa51faf20aae8b31e1a4bc54f8370673d7b7df4\kotlin-stdlib-jdk7-1.8.20.jar;C:\Users\waleed\.gradle\caches\modules-2\files-2.1\org.jetbrains.kotlin\kotlin-stdlib\1.8.20\e72fc5e03ec6c064c678a6bd0d955c88d55b0c4a\kotlin-stdlib-1.8.20.jar;C:\Users\waleed\.gradle\caches\modules-2\files-2.1\org.jetbrains.kotlin\kotlin-stdlib-common\1.8.20\5eddaaf234c8c49d03eebeb6a14feb7f90faca71\kotlin-stdlib-common-1.8.20.jar;C:\Users\waleed\.gradle\caches\modules-2\files-2.1\org.jetbrains\annotations\13.0\919f0dfe192fb4e063e7dacadee7f8bb9a2672a9\annotations-13.0.jar
Launcher Type: SUN_STANDARD

[Global flags]
     intx CICompilerCount                          = 12                                        {product} {ergonomic}
     uint ConcGCThreads                            = 3                                         {product} {ergonomic}
     uint G1ConcRefinementThreads                  = 13                                        {product} {ergonomic}
   size_t G1HeapRegionSize                         = 2097152                                   {product} {ergonomic}
    uintx GCDrainStackTargetSize                   = 64                                        {product} {ergonomic}
   size_t InitialHeapSize                          = 257949696                                 {product} {ergonomic}
   size_t MarkStackSize                            = 4194304                                   {product} {ergonomic}
   size_t MaxHeapSize                              = 4120903680                                {product} {ergonomic}
   size_t MaxNewSize                               = 2472542208                                {product} {ergonomic}
   size_t MinHeapDeltaBytes                        = 2097152                                   {product} {ergonomic}
   size_t MinHeapSize                              = 8388608                                   {product} {ergonomic}
    uintx NonNMethodCodeHeapSize                   = 7602480                                {pd product} {ergonomic}
    uintx NonProfiledCodeHeapSize                  = 122027880                              {pd product} {ergonomic}
    uintx ProfiledCodeHeapSize                     = 122027880                              {pd product} {ergonomic}
    uintx ReservedCodeCacheSize                    = 251658240                              {pd product} {ergonomic}
     bool SegmentedCodeCache                       = true                                      {product} {ergonomic}
   size_t SoftMaxHeapSize                          = 4120903680                             {manageable} {ergonomic}
     bool UseCompressedOops                        = true                           {product lp64_product} {ergonomic}
     bool UseG1GC                                  = true                                      {product} {ergonomic}
     bool UseLargePagesIndividualAllocation        = false                                  {pd product} {ergonomic}

Logging:
Log output configuration:
 #0: stdout all=warning uptime,level,tags foldmultilines=false
 #1: stderr all=off uptime,level,tags foldmultilines=false

Environment Variables:
PATH=C:\Program Files\Common Files\Oracle\Java\javapath;C:\Program Files (x86)\Common Files\Oracle\Java\java8path;C:\Program Files (x86)\Common Files\Oracle\Java\javapath;C:\Python312\Scripts\;C:\Python312\;C:\WINDOWS\system32;C:\WINDOWS;C:\WINDOWS\System32\Wbem;C:\WINDOWS\System32\WindowsPowerShell\v1.0\;C:\WINDOWS\System32\OpenSSH\;C:\Program Files\dotnet\;C:\Program Files\Mingw\bin;C:\ProgramData\Microsoft\Windows\Start Menu\Programs\Python 3.9;C:\Users\waleed\AppData\Local\Programs\Python\Python311;C:\Program Files (x86)\Microsoft Visual Studio\2022\BuildTools\VC\Tools\MSVC\14.36.32532\bin\Hostx64\x64;C:\Program Files (x86)\NVIDIA Corporation\PhysX\Common;C:\Program Files\Microsoft SQL Server\150\Tools\Binn\;C:\Program Files\Microsoft SQL Server\Client SDK\ODBC\170\Tools\Binn\;C:\Program Files\Lua;C:\Program Files\LuaRocks;C:\Program Files (x86)\Microsoft SQL Server\160\Tools\Binn\;C:\Program Files\Microsoft SQL Server\160\Tools\Binn\;C:\Program Files\Microsoft SQL Server\160\DTS\Binn\;C:\Program Files (x86)\Microsoft SQL Server\160\DTS\Binn\;C:\Program Files\Nodejs\;C:\ProgramData\chocolatey\bin;C:\Program Files\CMake\bin;C:\Program Files\Git\cmd;C:\Users\waleed\AppData\Roaming\Python\Python312\Scripts;C:\Users\waleed\AppData\Roaming\Python\Python312\Scripts;C:\Users\waleed\.cargo\bin;C:\Users\waleed\AppData\Local\Programs\Python\Python311\Scripts\;C:\Users\waleed\AppData\Local\Programs\Python\Python311\;C:\Users\waleed\AppData\Local\pip\;C:\Users\waleed\AppData\Local\Programs\Microsoft VS Code\bin;C:\Users\waleed\AppData\Local\GitHubDesktop\bin;C:\Users\waleed\.dotnet\tools;C:\Users\waleed\AppData\Local\GitHubDesktop\app-3.3.14\resources\app\git\mingw64\bin;C:\Users\waleed\AppData\Roaming\npm;C:\Program Files\Neovim\bin;C:\Program Files\JetBrains\RustRover 2024.1.5\bin;;C:\Users\waleed\AppData\Roaming\Python\Python312\Scripts;;C:\Program Files\JetBrains\IntelliJ IDEA Community Edition 2024.2.4\bin;
USERNAME=waleed
OS=Windows_NT
PROCESSOR_IDENTIFIER=AMD64 Family 25 Model 80 Stepping 0, AuthenticAMD
TMP=C:\Users\waleed\AppData\Local\Temp
TEMP=C:\Users\waleed\AppData\Local\Temp




Periodic native trim disabled

---------------  S Y S T E M  ---------------

OS:
 Windows 10 , 64 bit Build 19041 (10.0.19041.5198)
OS uptime: 9 days 22:45 hours

CPU: total 16 (initial active 16) (16 cores per cpu, 2 threads per core) family 25 model 80 stepping 0 microcode 0x0, cx8, cmov, fxsr, ht, mmx, 3dnowpref, sse, sse2, sse3, ssse3, sse4a, sse4.1, sse4.2, popcnt, lzcnt, tsc, tscinvbit, avx, avx2, aes, erms, clmul, bmi1, bmi2, adx, sha, fma, vzeroupper, clflush, clflushopt, rdtscp, rdpid, fsrm, f16c, pku, cet_ss
Processor Information for all 16 processors :
  Max Mhz: 3201, Current Mhz: 3201, Mhz Limit: 3201

Memory: 4k page, system-wide physical 15715M (5410M free)
TotalPageFile size 25955M (AvailPageFile size 11620M)
current process WorkingSet (physical memory assigned to process): 188M, peak: 188M
current process commit charge ("private bytes"): 517M, peak: 517M

vm_info: OpenJDK 64-Bit Server VM (21.0.5+11-LTS) for windows-amd64 JRE (21.0.5+11-LTS), built on 2024-10-11T20:58:34Z by "Administrator" with MS VC++ 16.10 / 16.11 (VS2019)

END.
