#
# A fatal error has been detected by the Java Runtime Environment:
#
#  EXCEPTION_ACCESS_VIOLATION (0xc0000005) at pc=0x000000350002003a, pid=2676, tid=17324
#
# JRE version: OpenJDK Runtime Environment Corretto-21.0.5.11.1 (21.0.5+11) (build 21.0.5+11-LTS)
# Java VM: OpenJDK 64-Bit Server VM Corretto-21.0.5.11.1 (21.0.5+11-LTS, mixed mode, sharing, tiered, compressed oops, compressed class ptrs, g1 gc, windows-amd64)
# Problematic frame:
# C  [jdwp.dll+0x1612f]
#
# No core dump will be written. Minidumps are not enabled by default on client versions of Windows
#
# If you would like to submit a bug report, please visit:
#   https://github.com/corretto/corretto-21/issues/
# The crash happened outside the Java Virtual Machine in native code.
# See problematic frame for where to report the bug.
#

---------------  S U M M A R Y ------------

Command Line: -Ddebugger.agent.enable.coroutines=true -Dkotlinx.coroutines.debug.enable.creation.stack.trace=false -agentlib:jdwp=transport=dt_socket,server=n,suspend=y,address=127.0.0.1:58898 -javaagent:C:\Users\waleed\AppData\Local\JetBrains\IdeaIC2024.2\captureAgent\debugger-agent.jar -Dfile.encoding=UTF-8 -Duser.country=US -Duser.language=en -Duser.variant Main

Host: AMD Ryzen 7 5800H with Radeon Graphics         , 16 cores, 15G,  Windows 10 , 64 bit Build 19041 (10.0.19041.5198)
Time: Sat Dec 28 22:50:35 2024 Egypt Standard Time elapsed time: 11.008220 seconds (0d 0h 0m 11s)

---------------  T H R E A D  ---------------

Current thread (0x000002230d6ea980):  JavaThread "main"             [_thread_in_native, id=17324, stack(0x0000006178400000,0x0000006178500000) (1024K)]

Stack: [0x0000006178400000,0x0000006178500000],  sp=0x00000061784fea30,  free space=1018k
Native frames: (J=compiled Java code, j=interpreted, Vv=VM code, C=native code)
C  0x000000350002003a

Java frames: (J=compiled Java code, j=interpreted, Vv=VM code)
j  org.lwjgl.opengl.GL11.glEnable(I)V+1
j  Laevis.Window.EngineInit()V+174
j  Laevis.Window.Run()V+15
j  Main.main([Ljava/lang/String;)V+5
v  ~StubRoutines::call_stub 0x000002231d22100d

siginfo: EXCEPTION_ACCESS_VIOLATION (0xc0000005), data execution prevention violation at address 0x000000350002003a


Registers:
RAX=0x000002232d447880, RBX=0x000002230b470e70, RCX=0x000002230d6ead38, RDX=0x000002230b470e70
RSP=0x00000061784fea28, RBP=0x0000000000000002, RSI=0x00000061784fead0, RDI=0x000002230d6ead38
R8 =0x0000000000010002, R9 =0x0000000000000000, R10=0x000002232f02d0a8, R11=0x00000061784fe9f8
R12=0x0000000000000007, R13=0x000002230d6e83b0, R14=0x00007ffdec690300, R15=0x0000000000000000
RIP=0x000000350002003a, EFLAGS=0x0000000000010202


Register to memory mapping:

RAX=0x000002232d447880 points into unknown readable memory: 0x0000000000000000 | 00 00 00 00 00 00 00 00
RBX=0x000002230b470e70 points into unknown readable memory: 0x0000000719a0a690 | 90 a6 a0 19 07 00 00 00
RCX=0x000002230d6ead38 points into unknown readable memory: 0x000002232d447880 | 80 78 44 2d 23 02 00 00
RDX=0x000002230b470e70 points into unknown readable memory: 0x0000000719a0a690 | 90 a6 a0 19 07 00 00 00
RSP=0x00000061784fea28 is pointing into the stack for thread: 0x000002230d6ea980
RBP=0x0000000000000002 is an unknown value
RSI=0x00000061784fead0 is pointing into the stack for thread: 0x000002230d6ea980
RDI=0x000002230d6ead38 points into unknown readable memory: 0x000002232d447880 | 80 78 44 2d 23 02 00 00
R8 =0x0000000000010002 is an unknown value
R9 =0x0 is null
R10=0x000002232f02d0a8 is pointing into metadata
R11=0x00000061784fe9f8 is pointing into the stack for thread: 0x000002230d6ea980
R12=0x0000000000000007 is an unknown value
R13=0x000002230d6e83b0 points into unknown readable memory: 0x00007ffd9ff42780 | 80 27 f4 9f fd 7f 00 00
R14=0x00007ffdec690300 jdwp.dll
R15=0x0 is null

Top of Stack: (sp=0x00000061784fea28)
0x00000061784fea28:   00007ffdec67612f 000002230b470e70
0x00000061784fea38:   00000061784fead0 0000000000000000
0x00000061784fea48:   0000000000000000 0000022315dd0010
0x00000061784fea58:   0000000000000000 000002230b44a220
0x00000061784fea68:   00007ffdec690390 000002230b470e70
0x00000061784fea78:   00007ffdec6727af 000002230b470e70
0x00000061784fea88:   0000000000000002 000002230d6ead38
0x00000061784fea98:   000002230b470e78 000002232d4be888
0x00000061784feaa8:   000002232d3097b0 0000000000000000
0x00000061784feab8:   00007ffd9fa3ed40 00000061784fedf0
0x00000061784feac8:   0000022373138df8 0000000000000007
0x00000061784fead8:   000002230b470e70 0000000000000000
0x00000061784feae8:   000002230b470e78 0000000000000000
0x00000061784feaf8:   0000000000000000 0000000000000000
0x00000061784feb08:   0000000000000000 0000000000000000
0x00000061784feb18:   0000000000000000 0000000000000000
0x00000061784feb28:   000002232f02cec0 000002232f02cec0
0x00000061784feb38:   00007ffd9f894767 000002230b470e78
0x00000061784feb48:   000002232d53e530 000002230d6ea980
0x00000061784feb58:   00007ffd9f8bba22 000002230b44a1d0
0x00000061784feb68:   000002230d6eafe0 000002230d6eb3c8
0x00000061784feb78:   000000000000aabe 0000bf8736fe5079
0x00000061784feb88:   000002232e611e30 000002230b44bd60
0x00000061784feb98:   000002230d6eafe0 000002230d6eaff0
0x00000061784feba8:   000002230d6eb3c8 00000000000003d8
0x00000061784febb8:   000002230d6ea980 000002230d6ea980
0x00000061784febc8:   000002230b44be20 000002230b42fcf0
0x00000061784febd8:   000002230b42fd18 000002230b42fdd8
0x00000061784febe8:   00000000000000d8 00000061784fec00
0x00000061784febf8:   00007ffd9f9a75a3 000002230d6ea980
0x00000061784fec08:   000002230b44be20 000002230b42fcf0
0x00000061784fec18:   000002230b42fd18 000002230b42fdd8 

Instructions: (pc=0x00007ffdec67612f)
0x00007ffdec67602f:   2c 41 b8 61 02 00 00 48 8d 0d 03 6f 01 00 48 8b
0x00007ffdec67603f:   d3 e8 57 50 00 00 41 8b cc e8 3b a0 ff ff 48 8b
0x00007ffdec67604f:   d0 48 8d 0d 79 a4 01 00 e8 e8 50 00 00 4c 8b 4e
0x00007ffdec67605f:   28 48 8d 0d 81 a4 01 00 4c 8b 46 20 48 8b 56 08
0x00007ffdec67606f:   e8 40 0d 01 00 48 8b 05 85 10 02 00 f6 80 10 02
0x00007ffdec67607f:   00 00 02 74 28 41 b8 6a 02 00 00 48 8d 0d 4f 63
0x00007ffdec67608f:   01 00 48 8b d3 e8 03 50 00 00 48 8d 15 38 64 01
0x00007ffdec67609f:   00 48 8d 0d 51 63 01 00 e8 98 50 00 00 48 8b 07
0x00007ffdec6760af:   48 8b cf ff 50 78 48 8b 0d 44 10 02 00 4c 8b f8
0x00007ffdec6760bf:   f6 81 10 02 00 00 02 74 28 41 b8 6b 02 00 00 48
0x00007ffdec6760cf:   8d 0d 0b 63 01 00 48 8b d3 e8 bf 4f 00 00 48 8d
0x00007ffdec6760df:   15 2c 64 01 00 48 8d 0d 0d 63 01 00 e8 54 50 00
0x00007ffdec6760ef:   00 48 8b 07 48 8b cf ff 90 88 00 00 00 83 3d b9
0x00007ffdec6760ff:   0b 02 00 00 76 0c e8 02 5c ff ff 83 25 ab 0b 02
0x00007ffdec67610f:   00 00 48 8b 5e 08 48 85 db 74 4b 48 8b 05 df 0f
0x00007ffdec67611f:   02 00 80 78 13 00 74 0b 48 8b cb e8 f5 06 01 00
0x00007ffdec67612f:   88 46 10 4d 8b c7 48 8b d6 41 8a ce e8 14 a1 00
0x00007ffdec67613f:   00 48 8b e8 48 85 c0 75 25 48 8b cb e8 98 44 00
0x00007ffdec67614f:   00 84 c0 0f 84 ea 00 00 00 48 8b d3 41 8a ce e8
0x00007ffdec67615f:   ad 13 00 00 eb e3 e8 0e 0e 00 00 48 8b e8 4c 8b
0x00007ffdec67616f:   cd 44 88 74 24 20 45 8b c4 48 8b d6 48 8b cf e8
0x00007ffdec67617f:   e1 00 00 00 83 3e 14 75 0b 48 8b 05 71 0f 02 00
0x00007ffdec67618f:   c6 40 10 01 48 85 db 75 08 48 8b cd e8 3c 53 ff
0x00007ffdec67619f:   ff 48 8b 05 59 0f 02 00 4d 85 ff 74 43 f6 80 10
0x00007ffdec6761af:   02 00 00 02 74 2c 41 b8 b3 02 00 00 48 8d 15 ce
0x00007ffdec6761bf:   a1 01 00 48 8d 0d 17 62 01 00 e8 ce 4e 00 00 48
0x00007ffdec6761cf:   8d 15 1b 7d 01 00 48 8d 0d 1c 62 01 00 e8 63 4f
0x00007ffdec6761df:   00 00 48 8b 07 49 8b d7 48 8b cf ff 50 68 eb 41
0x00007ffdec6761ef:   f6 80 10 02 00 00 02 74 2c 41 b8 b5 02 00 00 48
0x00007ffdec6761ff:   8d 15 8b a1 01 00 48 8d 0d d4 61 01 00 e8 8b 4e
0x00007ffdec67620f:   00 00 48 8d 15 f8 62 01 00 48 8d 0d d9 61 01 00
0x00007ffdec67621f:   e8 20 4f 00 00 48 8b 07 48 8b cf ff 90 88 00 00 


Stack slot to memory mapping:

stack at sp + 0 slots: 0x000002230b470e70 points into unknown readable memory: 0x0000000719a0a690 | 90 a6 a0 19 07 00 00 00
stack at sp + 1 slots: 0x00000061784fead0 is pointing into the stack for thread: 0x000002230d6ea980
stack at sp + 2 slots: 0x0 is null
stack at sp + 3 slots: 0x0 is null
stack at sp + 4 slots: 0x0000022315dd0010 is at entry_point+-400 in (nmethod*)0x0000022315dd0010
Compiled method (c1) 11033    1       3       java.lang.Object::<init> (1 bytes)
 total in heap  [0x0000022315dd0010,0x0000022315dd0300] = 752
 relocation     [0x0000022315dd0170,0x0000022315dd01a0] = 48
 main code      [0x0000022315dd01a0,0x0000022315dd0270] = 208
 stub code      [0x0000022315dd0270,0x0000022315dd02a8] = 56
 metadata       [0x0000022315dd02a8,0x0000022315dd02b8] = 16
 scopes data    [0x0000022315dd02b8,0x0000022315dd02c8] = 16
 scopes pcs     [0x0000022315dd02c8,0x0000022315dd02f8] = 48
 dependencies   [0x0000022315dd02f8,0x0000022315dd0300] = 8
stack at sp + 5 slots: 0x0 is null
stack at sp + 6 slots: 0x000002230b44a220 points into unknown readable memory: 0x8000001200000001 | 01 00 00 00 12 00 00 80
stack at sp + 7 slots: 0x00007ffdec690390 jdwp.dll


---------------  P R O C E S S  ---------------

Threads class SMR info:
_java_thread_list=0x000002237314faf0, length=14, elements={
0x000002230d6ea980, 0x000002232d2d1440, 0x000002232d2d3160, 0x000002232d2d51c0,
0x000002232d2d6c20, 0x000002232d2d8090, 0x000002232d2d9280, 0x000002232d2dd4f0,
0x000002232d2ebc00, 0x000002232d2a2070, 0x000002232d596200, 0x000002232d596eb0,
0x000002232d5c35c0, 0x000002232d5eb500
}

Java Threads: ( => current thread )
=>0x000002230d6ea980 JavaThread "main"                              [_thread_in_native, id=17324, stack(0x0000006178400000,0x0000006178500000) (1024K)]
  0x000002232d2d1440 JavaThread "Reference Handler"          daemon [_thread_blocked, id=19892, stack(0x0000006178c00000,0x0000006178d00000) (1024K)]
  0x000002232d2d3160 JavaThread "Finalizer"                  daemon [_thread_blocked, id=12196, stack(0x0000006178d00000,0x0000006178e00000) (1024K)]
  0x000002232d2d51c0 JavaThread "Signal Dispatcher"          daemon [_thread_blocked, id=1512, stack(0x0000006178e00000,0x0000006178f00000) (1024K)]
  0x000002232d2d6c20 JavaThread "Attach Listener"            daemon [_thread_blocked, id=5248, stack(0x0000006178f00000,0x0000006179000000) (1024K)]
  0x000002232d2d8090 JavaThread "Service Thread"             daemon [_thread_blocked, id=11848, stack(0x0000006179000000,0x0000006179100000) (1024K)]
  0x000002232d2d9280 JavaThread "Monitor Deflation Thread"   daemon [_thread_blocked, id=19084, stack(0x0000006179100000,0x0000006179200000) (1024K)]
  0x000002232d2dd4f0 JavaThread "C2 CompilerThread0"         daemon [_thread_blocked, id=21704, stack(0x0000006179200000,0x0000006179300000) (1024K)]
  0x000002232d2ebc00 JavaThread "C1 CompilerThread0"         daemon [_thread_blocked, id=20772, stack(0x0000006179300000,0x0000006179400000) (1024K)]
  0x000002232d2a2070 JavaThread "Common-Cleaner"             daemon [_thread_blocked, id=12968, stack(0x0000006179400000,0x0000006179500000) (1024K)]
  0x000002232d596200 JavaThread "JDWP Transport Listener: dt_socket" daemon [_thread_blocked, id=20168, stack(0x0000006179600000,0x0000006179700000) (1024K)]
  0x000002232d596eb0 JavaThread "JDWP Event Helper Thread"   daemon [_thread_blocked, id=14348, stack(0x0000006179700000,0x0000006179800000) (1024K)]
  0x000002232d5c35c0 JavaThread "JDWP Command Reader"        daemon [_thread_in_native, id=6952, stack(0x0000006179800000,0x0000006179900000) (1024K)]
  0x000002232d5eb500 JavaThread "Notification Thread"        daemon [_thread_blocked, id=2148, stack(0x0000006179900000,0x0000006179a00000) (1024K)]
Total: 14

Other Threads:
  0x000002232d2b8a70 VMThread "VM Thread"                           [id=24284, stack(0x0000006178b00000,0x0000006178c00000) (1024K)]
  0x000002232d2a10e0 WatcherThread "VM Periodic Task Thread"        [id=16324, stack(0x0000006178a00000,0x0000006178b00000) (1024K)]
  0x000002230d7545f0 WorkerThread "GC Thread#0"                     [id=23748, stack(0x0000006178500000,0x0000006178600000) (1024K)]
  0x000002230d764b20 ConcurrentGCThread "G1 Main Marker"            [id=13884, stack(0x0000006178600000,0x0000006178700000) (1024K)]
  0x000002230d765bd0 WorkerThread "G1 Conc#0"                       [id=2592, stack(0x0000006178700000,0x0000006178800000) (1024K)]
  0x000002232d174a00 ConcurrentGCThread "G1 Refine#0"               [id=12260, stack(0x0000006178800000,0x0000006178900000) (1024K)]
  0x000002232d175220 ConcurrentGCThread "G1 Service"                [id=19864, stack(0x0000006178900000,0x0000006178a00000) (1024K)]
Total: 7

Threads with active compile tasks:
Total: 0

VM state: not at safepoint (normal execution)

VM Mutex/Monitor currently owned by a thread: None

Heap address: 0x000000070a600000, size: 3930 MB, Compressed Oops mode: Zero based, Oop shift amount: 3

CDS archive(s) mapped at: [0x000002232e000000-0x000002232ec80000-0x000002232ec80000), size 13107200, SharedBaseAddress: 0x000002232e000000, ArchiveRelocationMode: 1.
Compressed class space mapped at: 0x000002232f000000-0x000002236f000000, reserved size: 1073741824
Narrow klass base: 0x000002232e000000, Narrow klass shift: 0, Narrow klass range: 0x100000000

GC Precious Log:
 CardTable entry size: 512
 Card Set container configuration: InlinePtr #cards 4 size 8 Array Of Cards #cards 16 size 48 Howl #buckets 8 coarsen threshold 3686 Howl Bitmap #cards 512 size 80 coarsen threshold 460 Card regions per heap region 1 cards per card region 4096
 CPUs: 16 total, 16 available
 Memory: 15715M
 Large Page Support: Disabled
 NUMA Support: Disabled
 Compressed Oops: Enabled (Zero based)
 Heap Region Size: 2M
 Heap Min Capacity: 8M
 Heap Initial Capacity: 246M
 Heap Max Capacity: 3930M
 Pre-touch: Disabled
 Parallel Workers: 13
 Concurrent Workers: 3
 Concurrent Refinement Workers: 13
 Periodic GC: Disabled

Heap:
 garbage-first heap   total 251904K, used 18432K [0x000000070a600000, 0x0000000800000000)
  region size 2048K, 10 young (20480K), 0 survivors (0K)
 Metaspace       used 4675K, committed 4864K, reserved 1114112K
  class space    used 264K, committed 384K, reserved 1048576K

Heap Regions: E=young(eden), S=young(survivor), O=old, HS=humongous(starts), HC=humongous(continues), CS=collection set, F=free, TAMS=top-at-mark-start, PB=parsable bottom
|   0|0x000000070a600000, 0x000000070a600000, 0x000000070a800000|  0%| F|  |TAMS 0x000000070a600000| PB 0x000000070a600000| Untracked 
|   1|0x000000070a800000, 0x000000070a800000, 0x000000070aa00000|  0%| F|  |TAMS 0x000000070a800000| PB 0x000000070a800000| Untracked 
|   2|0x000000070aa00000, 0x000000070aa00000, 0x000000070ac00000|  0%| F|  |TAMS 0x000000070aa00000| PB 0x000000070aa00000| Untracked 
|   3|0x000000070ac00000, 0x000000070ac00000, 0x000000070ae00000|  0%| F|  |TAMS 0x000000070ac00000| PB 0x000000070ac00000| Untracked 
|   4|0x000000070ae00000, 0x000000070ae00000, 0x000000070b000000|  0%| F|  |TAMS 0x000000070ae00000| PB 0x000000070ae00000| Untracked 
|   5|0x000000070b000000, 0x000000070b000000, 0x000000070b200000|  0%| F|  |TAMS 0x000000070b000000| PB 0x000000070b000000| Untracked 
|   6|0x000000070b200000, 0x000000070b200000, 0x000000070b400000|  0%| F|  |TAMS 0x000000070b200000| PB 0x000000070b200000| Untracked 
|   7|0x000000070b400000, 0x000000070b400000, 0x000000070b600000|  0%| F|  |TAMS 0x000000070b400000| PB 0x000000070b400000| Untracked 
|   8|0x000000070b600000, 0x000000070b600000, 0x000000070b800000|  0%| F|  |TAMS 0x000000070b600000| PB 0x000000070b600000| Untracked 
|   9|0x000000070b800000, 0x000000070b800000, 0x000000070ba00000|  0%| F|  |TAMS 0x000000070b800000| PB 0x000000070b800000| Untracked 
|  10|0x000000070ba00000, 0x000000070ba00000, 0x000000070bc00000|  0%| F|  |TAMS 0x000000070ba00000| PB 0x000000070ba00000| Untracked 
|  11|0x000000070bc00000, 0x000000070bc00000, 0x000000070be00000|  0%| F|  |TAMS 0x000000070bc00000| PB 0x000000070bc00000| Untracked 
|  12|0x000000070be00000, 0x000000070be00000, 0x000000070c000000|  0%| F|  |TAMS 0x000000070be00000| PB 0x000000070be00000| Untracked 
|  13|0x000000070c000000, 0x000000070c000000, 0x000000070c200000|  0%| F|  |TAMS 0x000000070c000000| PB 0x000000070c000000| Untracked 
|  14|0x000000070c200000, 0x000000070c200000, 0x000000070c400000|  0%| F|  |TAMS 0x000000070c200000| PB 0x000000070c200000| Untracked 
|  15|0x000000070c400000, 0x000000070c400000, 0x000000070c600000|  0%| F|  |TAMS 0x000000070c400000| PB 0x000000070c400000| Untracked 
|  16|0x000000070c600000, 0x000000070c600000, 0x000000070c800000|  0%| F|  |TAMS 0x000000070c600000| PB 0x000000070c600000| Untracked 
|  17|0x000000070c800000, 0x000000070c800000, 0x000000070ca00000|  0%| F|  |TAMS 0x000000070c800000| PB 0x000000070c800000| Untracked 
|  18|0x000000070ca00000, 0x000000070ca00000, 0x000000070cc00000|  0%| F|  |TAMS 0x000000070ca00000| PB 0x000000070ca00000| Untracked 
|  19|0x000000070cc00000, 0x000000070cc00000, 0x000000070ce00000|  0%| F|  |TAMS 0x000000070cc00000| PB 0x000000070cc00000| Untracked 
|  20|0x000000070ce00000, 0x000000070ce00000, 0x000000070d000000|  0%| F|  |TAMS 0x000000070ce00000| PB 0x000000070ce00000| Untracked 
|  21|0x000000070d000000, 0x000000070d000000, 0x000000070d200000|  0%| F|  |TAMS 0x000000070d000000| PB 0x000000070d000000| Untracked 
|  22|0x000000070d200000, 0x000000070d200000, 0x000000070d400000|  0%| F|  |TAMS 0x000000070d200000| PB 0x000000070d200000| Untracked 
|  23|0x000000070d400000, 0x000000070d400000, 0x000000070d600000|  0%| F|  |TAMS 0x000000070d400000| PB 0x000000070d400000| Untracked 
|  24|0x000000070d600000, 0x000000070d600000, 0x000000070d800000|  0%| F|  |TAMS 0x000000070d600000| PB 0x000000070d600000| Untracked 
|  25|0x000000070d800000, 0x000000070d800000, 0x000000070da00000|  0%| F|  |TAMS 0x000000070d800000| PB 0x000000070d800000| Untracked 
|  26|0x000000070da00000, 0x000000070da00000, 0x000000070dc00000|  0%| F|  |TAMS 0x000000070da00000| PB 0x000000070da00000| Untracked 
|  27|0x000000070dc00000, 0x000000070dc00000, 0x000000070de00000|  0%| F|  |TAMS 0x000000070dc00000| PB 0x000000070dc00000| Untracked 
|  28|0x000000070de00000, 0x000000070de00000, 0x000000070e000000|  0%| F|  |TAMS 0x000000070de00000| PB 0x000000070de00000| Untracked 
|  29|0x000000070e000000, 0x000000070e000000, 0x000000070e200000|  0%| F|  |TAMS 0x000000070e000000| PB 0x000000070e000000| Untracked 
|  30|0x000000070e200000, 0x000000070e200000, 0x000000070e400000|  0%| F|  |TAMS 0x000000070e200000| PB 0x000000070e200000| Untracked 
|  31|0x000000070e400000, 0x000000070e400000, 0x000000070e600000|  0%| F|  |TAMS 0x000000070e400000| PB 0x000000070e400000| Untracked 
|  32|0x000000070e600000, 0x000000070e600000, 0x000000070e800000|  0%| F|  |TAMS 0x000000070e600000| PB 0x000000070e600000| Untracked 
|  33|0x000000070e800000, 0x000000070e800000, 0x000000070ea00000|  0%| F|  |TAMS 0x000000070e800000| PB 0x000000070e800000| Untracked 
|  34|0x000000070ea00000, 0x000000070ea00000, 0x000000070ec00000|  0%| F|  |TAMS 0x000000070ea00000| PB 0x000000070ea00000| Untracked 
|  35|0x000000070ec00000, 0x000000070ec00000, 0x000000070ee00000|  0%| F|  |TAMS 0x000000070ec00000| PB 0x000000070ec00000| Untracked 
|  36|0x000000070ee00000, 0x000000070ee00000, 0x000000070f000000|  0%| F|  |TAMS 0x000000070ee00000| PB 0x000000070ee00000| Untracked 
|  37|0x000000070f000000, 0x000000070f000000, 0x000000070f200000|  0%| F|  |TAMS 0x000000070f000000| PB 0x000000070f000000| Untracked 
|  38|0x000000070f200000, 0x000000070f200000, 0x000000070f400000|  0%| F|  |TAMS 0x000000070f200000| PB 0x000000070f200000| Untracked 
|  39|0x000000070f400000, 0x000000070f400000, 0x000000070f600000|  0%| F|  |TAMS 0x000000070f400000| PB 0x000000070f400000| Untracked 
|  40|0x000000070f600000, 0x000000070f600000, 0x000000070f800000|  0%| F|  |TAMS 0x000000070f600000| PB 0x000000070f600000| Untracked 
|  41|0x000000070f800000, 0x000000070f800000, 0x000000070fa00000|  0%| F|  |TAMS 0x000000070f800000| PB 0x000000070f800000| Untracked 
|  42|0x000000070fa00000, 0x000000070fa00000, 0x000000070fc00000|  0%| F|  |TAMS 0x000000070fa00000| PB 0x000000070fa00000| Untracked 
|  43|0x000000070fc00000, 0x000000070fc00000, 0x000000070fe00000|  0%| F|  |TAMS 0x000000070fc00000| PB 0x000000070fc00000| Untracked 
|  44|0x000000070fe00000, 0x000000070fe00000, 0x0000000710000000|  0%| F|  |TAMS 0x000000070fe00000| PB 0x000000070fe00000| Untracked 
|  45|0x0000000710000000, 0x0000000710000000, 0x0000000710200000|  0%| F|  |TAMS 0x0000000710000000| PB 0x0000000710000000| Untracked 
|  46|0x0000000710200000, 0x0000000710200000, 0x0000000710400000|  0%| F|  |TAMS 0x0000000710200000| PB 0x0000000710200000| Untracked 
|  47|0x0000000710400000, 0x0000000710400000, 0x0000000710600000|  0%| F|  |TAMS 0x0000000710400000| PB 0x0000000710400000| Untracked 
|  48|0x0000000710600000, 0x0000000710600000, 0x0000000710800000|  0%| F|  |TAMS 0x0000000710600000| PB 0x0000000710600000| Untracked 
|  49|0x0000000710800000, 0x0000000710800000, 0x0000000710a00000|  0%| F|  |TAMS 0x0000000710800000| PB 0x0000000710800000| Untracked 
|  50|0x0000000710a00000, 0x0000000710a00000, 0x0000000710c00000|  0%| F|  |TAMS 0x0000000710a00000| PB 0x0000000710a00000| Untracked 
|  51|0x0000000710c00000, 0x0000000710c00000, 0x0000000710e00000|  0%| F|  |TAMS 0x0000000710c00000| PB 0x0000000710c00000| Untracked 
|  52|0x0000000710e00000, 0x0000000710e00000, 0x0000000711000000|  0%| F|  |TAMS 0x0000000710e00000| PB 0x0000000710e00000| Untracked 
|  53|0x0000000711000000, 0x0000000711000000, 0x0000000711200000|  0%| F|  |TAMS 0x0000000711000000| PB 0x0000000711000000| Untracked 
|  54|0x0000000711200000, 0x0000000711200000, 0x0000000711400000|  0%| F|  |TAMS 0x0000000711200000| PB 0x0000000711200000| Untracked 
|  55|0x0000000711400000, 0x0000000711400000, 0x0000000711600000|  0%| F|  |TAMS 0x0000000711400000| PB 0x0000000711400000| Untracked 
|  56|0x0000000711600000, 0x0000000711600000, 0x0000000711800000|  0%| F|  |TAMS 0x0000000711600000| PB 0x0000000711600000| Untracked 
|  57|0x0000000711800000, 0x0000000711800000, 0x0000000711a00000|  0%| F|  |TAMS 0x0000000711800000| PB 0x0000000711800000| Untracked 
|  58|0x0000000711a00000, 0x0000000711a00000, 0x0000000711c00000|  0%| F|  |TAMS 0x0000000711a00000| PB 0x0000000711a00000| Untracked 
|  59|0x0000000711c00000, 0x0000000711c00000, 0x0000000711e00000|  0%| F|  |TAMS 0x0000000711c00000| PB 0x0000000711c00000| Untracked 
|  60|0x0000000711e00000, 0x0000000711e00000, 0x0000000712000000|  0%| F|  |TAMS 0x0000000711e00000| PB 0x0000000711e00000| Untracked 
|  61|0x0000000712000000, 0x0000000712000000, 0x0000000712200000|  0%| F|  |TAMS 0x0000000712000000| PB 0x0000000712000000| Untracked 
|  62|0x0000000712200000, 0x0000000712200000, 0x0000000712400000|  0%| F|  |TAMS 0x0000000712200000| PB 0x0000000712200000| Untracked 
|  63|0x0000000712400000, 0x0000000712400000, 0x0000000712600000|  0%| F|  |TAMS 0x0000000712400000| PB 0x0000000712400000| Untracked 
|  64|0x0000000712600000, 0x0000000712600000, 0x0000000712800000|  0%| F|  |TAMS 0x0000000712600000| PB 0x0000000712600000| Untracked 
|  65|0x0000000712800000, 0x0000000712800000, 0x0000000712a00000|  0%| F|  |TAMS 0x0000000712800000| PB 0x0000000712800000| Untracked 
|  66|0x0000000712a00000, 0x0000000712a00000, 0x0000000712c00000|  0%| F|  |TAMS 0x0000000712a00000| PB 0x0000000712a00000| Untracked 
|  67|0x0000000712c00000, 0x0000000712c00000, 0x0000000712e00000|  0%| F|  |TAMS 0x0000000712c00000| PB 0x0000000712c00000| Untracked 
|  68|0x0000000712e00000, 0x0000000712e00000, 0x0000000713000000|  0%| F|  |TAMS 0x0000000712e00000| PB 0x0000000712e00000| Untracked 
|  69|0x0000000713000000, 0x0000000713000000, 0x0000000713200000|  0%| F|  |TAMS 0x0000000713000000| PB 0x0000000713000000| Untracked 
|  70|0x0000000713200000, 0x0000000713200000, 0x0000000713400000|  0%| F|  |TAMS 0x0000000713200000| PB 0x0000000713200000| Untracked 
|  71|0x0000000713400000, 0x0000000713400000, 0x0000000713600000|  0%| F|  |TAMS 0x0000000713400000| PB 0x0000000713400000| Untracked 
|  72|0x0000000713600000, 0x0000000713600000, 0x0000000713800000|  0%| F|  |TAMS 0x0000000713600000| PB 0x0000000713600000| Untracked 
|  73|0x0000000713800000, 0x0000000713800000, 0x0000000713a00000|  0%| F|  |TAMS 0x0000000713800000| PB 0x0000000713800000| Untracked 
|  74|0x0000000713a00000, 0x0000000713a00000, 0x0000000713c00000|  0%| F|  |TAMS 0x0000000713a00000| PB 0x0000000713a00000| Untracked 
|  75|0x0000000713c00000, 0x0000000713c00000, 0x0000000713e00000|  0%| F|  |TAMS 0x0000000713c00000| PB 0x0000000713c00000| Untracked 
|  76|0x0000000713e00000, 0x0000000713e00000, 0x0000000714000000|  0%| F|  |TAMS 0x0000000713e00000| PB 0x0000000713e00000| Untracked 
|  77|0x0000000714000000, 0x0000000714000000, 0x0000000714200000|  0%| F|  |TAMS 0x0000000714000000| PB 0x0000000714000000| Untracked 
|  78|0x0000000714200000, 0x0000000714200000, 0x0000000714400000|  0%| F|  |TAMS 0x0000000714200000| PB 0x0000000714200000| Untracked 
|  79|0x0000000714400000, 0x0000000714400000, 0x0000000714600000|  0%| F|  |TAMS 0x0000000714400000| PB 0x0000000714400000| Untracked 
|  80|0x0000000714600000, 0x0000000714600000, 0x0000000714800000|  0%| F|  |TAMS 0x0000000714600000| PB 0x0000000714600000| Untracked 
|  81|0x0000000714800000, 0x0000000714800000, 0x0000000714a00000|  0%| F|  |TAMS 0x0000000714800000| PB 0x0000000714800000| Untracked 
|  82|0x0000000714a00000, 0x0000000714a00000, 0x0000000714c00000|  0%| F|  |TAMS 0x0000000714a00000| PB 0x0000000714a00000| Untracked 
|  83|0x0000000714c00000, 0x0000000714c00000, 0x0000000714e00000|  0%| F|  |TAMS 0x0000000714c00000| PB 0x0000000714c00000| Untracked 
|  84|0x0000000714e00000, 0x0000000714e00000, 0x0000000715000000|  0%| F|  |TAMS 0x0000000714e00000| PB 0x0000000714e00000| Untracked 
|  85|0x0000000715000000, 0x0000000715000000, 0x0000000715200000|  0%| F|  |TAMS 0x0000000715000000| PB 0x0000000715000000| Untracked 
|  86|0x0000000715200000, 0x0000000715200000, 0x0000000715400000|  0%| F|  |TAMS 0x0000000715200000| PB 0x0000000715200000| Untracked 
|  87|0x0000000715400000, 0x0000000715400000, 0x0000000715600000|  0%| F|  |TAMS 0x0000000715400000| PB 0x0000000715400000| Untracked 
|  88|0x0000000715600000, 0x0000000715600000, 0x0000000715800000|  0%| F|  |TAMS 0x0000000715600000| PB 0x0000000715600000| Untracked 
|  89|0x0000000715800000, 0x0000000715800000, 0x0000000715a00000|  0%| F|  |TAMS 0x0000000715800000| PB 0x0000000715800000| Untracked 
|  90|0x0000000715a00000, 0x0000000715a00000, 0x0000000715c00000|  0%| F|  |TAMS 0x0000000715a00000| PB 0x0000000715a00000| Untracked 
|  91|0x0000000715c00000, 0x0000000715c00000, 0x0000000715e00000|  0%| F|  |TAMS 0x0000000715c00000| PB 0x0000000715c00000| Untracked 
|  92|0x0000000715e00000, 0x0000000715e00000, 0x0000000716000000|  0%| F|  |TAMS 0x0000000715e00000| PB 0x0000000715e00000| Untracked 
|  93|0x0000000716000000, 0x0000000716000000, 0x0000000716200000|  0%| F|  |TAMS 0x0000000716000000| PB 0x0000000716000000| Untracked 
|  94|0x0000000716200000, 0x0000000716200000, 0x0000000716400000|  0%| F|  |TAMS 0x0000000716200000| PB 0x0000000716200000| Untracked 
|  95|0x0000000716400000, 0x0000000716400000, 0x0000000716600000|  0%| F|  |TAMS 0x0000000716400000| PB 0x0000000716400000| Untracked 
|  96|0x0000000716600000, 0x0000000716600000, 0x0000000716800000|  0%| F|  |TAMS 0x0000000716600000| PB 0x0000000716600000| Untracked 
|  97|0x0000000716800000, 0x0000000716800000, 0x0000000716a00000|  0%| F|  |TAMS 0x0000000716800000| PB 0x0000000716800000| Untracked 
|  98|0x0000000716a00000, 0x0000000716a00000, 0x0000000716c00000|  0%| F|  |TAMS 0x0000000716a00000| PB 0x0000000716a00000| Untracked 
|  99|0x0000000716c00000, 0x0000000716c00000, 0x0000000716e00000|  0%| F|  |TAMS 0x0000000716c00000| PB 0x0000000716c00000| Untracked 
| 100|0x0000000716e00000, 0x0000000716e00000, 0x0000000717000000|  0%| F|  |TAMS 0x0000000716e00000| PB 0x0000000716e00000| Untracked 
| 101|0x0000000717000000, 0x0000000717000000, 0x0000000717200000|  0%| F|  |TAMS 0x0000000717000000| PB 0x0000000717000000| Untracked 
| 102|0x0000000717200000, 0x0000000717200000, 0x0000000717400000|  0%| F|  |TAMS 0x0000000717200000| PB 0x0000000717200000| Untracked 
| 103|0x0000000717400000, 0x0000000717400000, 0x0000000717600000|  0%| F|  |TAMS 0x0000000717400000| PB 0x0000000717400000| Untracked 
| 104|0x0000000717600000, 0x0000000717600000, 0x0000000717800000|  0%| F|  |TAMS 0x0000000717600000| PB 0x0000000717600000| Untracked 
| 105|0x0000000717800000, 0x0000000717800000, 0x0000000717a00000|  0%| F|  |TAMS 0x0000000717800000| PB 0x0000000717800000| Untracked 
| 106|0x0000000717a00000, 0x0000000717a00000, 0x0000000717c00000|  0%| F|  |TAMS 0x0000000717a00000| PB 0x0000000717a00000| Untracked 
| 107|0x0000000717c00000, 0x0000000717c00000, 0x0000000717e00000|  0%| F|  |TAMS 0x0000000717c00000| PB 0x0000000717c00000| Untracked 
| 108|0x0000000717e00000, 0x0000000717e00000, 0x0000000718000000|  0%| F|  |TAMS 0x0000000717e00000| PB 0x0000000717e00000| Untracked 
| 109|0x0000000718000000, 0x0000000718000000, 0x0000000718200000|  0%| F|  |TAMS 0x0000000718000000| PB 0x0000000718000000| Untracked 
| 110|0x0000000718200000, 0x0000000718200000, 0x0000000718400000|  0%| F|  |TAMS 0x0000000718200000| PB 0x0000000718200000| Untracked 
| 111|0x0000000718400000, 0x0000000718400000, 0x0000000718600000|  0%| F|  |TAMS 0x0000000718400000| PB 0x0000000718400000| Untracked 
| 112|0x0000000718600000, 0x0000000718600000, 0x0000000718800000|  0%| F|  |TAMS 0x0000000718600000| PB 0x0000000718600000| Untracked 
| 113|0x0000000718800000, 0x00000007189d5648, 0x0000000718a00000| 91%| E|  |TAMS 0x0000000718800000| PB 0x0000000718800000| Complete 
| 114|0x0000000718a00000, 0x0000000718c00000, 0x0000000718c00000|100%| E|CS|TAMS 0x0000000718a00000| PB 0x0000000718a00000| Complete 
| 115|0x0000000718c00000, 0x0000000718e00000, 0x0000000718e00000|100%| E|CS|TAMS 0x0000000718c00000| PB 0x0000000718c00000| Complete 
| 116|0x0000000718e00000, 0x0000000719000000, 0x0000000719000000|100%| E|CS|TAMS 0x0000000718e00000| PB 0x0000000718e00000| Complete 
| 117|0x0000000719000000, 0x0000000719200000, 0x0000000719200000|100%| E|CS|TAMS 0x0000000719000000| PB 0x0000000719000000| Complete 
| 118|0x0000000719200000, 0x0000000719400000, 0x0000000719400000|100%| E|CS|TAMS 0x0000000719200000| PB 0x0000000719200000| Complete 
| 119|0x0000000719400000, 0x0000000719600000, 0x0000000719600000|100%| E|CS|TAMS 0x0000000719400000| PB 0x0000000719400000| Complete 
| 120|0x0000000719600000, 0x0000000719800000, 0x0000000719800000|100%| E|CS|TAMS 0x0000000719600000| PB 0x0000000719600000| Complete 
| 121|0x0000000719800000, 0x0000000719a00000, 0x0000000719a00000|100%| E|CS|TAMS 0x0000000719800000| PB 0x0000000719800000| Complete 
| 122|0x0000000719a00000, 0x0000000719c00000, 0x0000000719c00000|100%| E|CS|TAMS 0x0000000719a00000| PB 0x0000000719a00000| Complete 

Card table byte_map: [0x0000022325e10000,0x00000223265c0000] _byte_map_base: 0x00000223225bd000

Marking Bits: (CMBitMap*) 0x000002230d754b00
 Bits: [0x00000223265c0000, 0x000002232a328000)

Polling page: 0x000002230b630000

Metaspace:

Usage:
  Non-class:      4.31 MB used.
      Class:    264.86 KB used.
       Both:      4.57 MB used.

Virtual space:
  Non-class space:       64.00 MB reserved,       4.38 MB (  7%) committed,  1 nodes.
      Class space:        1.00 GB reserved,     384.00 KB ( <1%) committed,  1 nodes.
             Both:        1.06 GB reserved,       4.75 MB ( <1%) committed. 

Chunk freelists:
   Non-Class:  8.78 MB
       Class:  15.56 MB
        Both:  24.34 MB

MaxMetaspaceSize: unlimited
CompressedClassSpaceSize: 1.00 GB
Initial GC threshold: 21.00 MB
Current GC threshold: 21.00 MB
CDS: on
 - commit_granule_bytes: 65536.
 - commit_granule_words: 8192.
 - virtual_space_node_default_size: 8388608.
 - enlarge_chunks_in_place: 1.
 - use_allocation_guard: 0.


Internal statistics:

num_allocs_failed_limit: 0.
num_arena_births: 82.
num_arena_deaths: 0.
num_vsnodes_births: 2.
num_vsnodes_deaths: 0.
num_space_committed: 74.
num_space_uncommitted: 0.
num_chunks_returned_to_freelist: 0.
num_chunks_taken_from_freelist: 211.
num_chunk_merges: 0.
num_chunk_splits: 153.
num_chunks_enlarged: 120.
num_inconsistent_stats: 0.

CodeHeap 'non-profiled nmethods': size=119168Kb used=112Kb max_used=112Kb free=119055Kb
 bounds [0x000002231d970000, 0x000002231dbe0000, 0x0000022324dd0000]
CodeHeap 'profiled nmethods': size=119104Kb used=272Kb max_used=272Kb free=118831Kb
 bounds [0x0000022315dd0000, 0x0000022316040000, 0x000002231d220000]
CodeHeap 'non-nmethods': size=7488Kb used=2049Kb max_used=2517Kb free=5438Kb
 bounds [0x000002231d220000, 0x000002231d4a0000, 0x000002231d970000]
 total_blobs=1254 nmethods=274 adapters=885
 compilation: enabled
              stopped_count=0, restarted_count=0
 full_count=0

Compilation events (20 events):
Event: 0.185 Thread 0x000002232d2ebc00  236       3       java.lang.StringLatin1::replace (198 bytes)
Event: 0.185 Thread 0x000002232d2ed070  238       3       java.lang.Class::getName (18 bytes)
Event: 0.185 Thread 0x000002232d2ed070 nmethod 238 0x0000022315e0fb10 code [0x0000022315e0fcc0, 0x0000022315e0fe60]
Event: 0.185 Thread 0x000002232d2ed070  239       3       jdk.internal.misc.Unsafe::allocateUninitializedArray0 (90 bytes)
Event: 0.185 Thread 0x000002232d2dd4f0  240       4       java.lang.String::isLatin1 (19 bytes)
Event: 0.185 Thread 0x000002232d2ed070 nmethod 239 0x0000022315e0ff10 code [0x0000022315e10140, 0x0000022315e10a18]
Event: 0.185 Thread 0x000002232d2ed070  243       3       jdk.internal.misc.Unsafe::allocateUninitializedArray (55 bytes)
Event: 0.186 Thread 0x000002232d2ebc00 nmethod 236 0x0000022315e10b90 code [0x0000022315e10e40, 0x0000022315e11c78]
Event: 0.186 Thread 0x000002232d2ebc00  242       3       java.lang.StringConcatHelper::newArray (40 bytes)
Event: 0.186 Thread 0x000002232d2ed070 nmethod 243 0x0000022315e12210 code [0x0000022315e12420, 0x0000022315e128a8]
Event: 0.186 Thread 0x000002232d2ed070  241       3       java.lang.String::replace (42 bytes)
Event: 0.186 Thread 0x000002232d2dd4f0 nmethod 240 0x000002231d986010 code [0x000002231d9861a0, 0x000002231d986250]
Event: 0.186 Thread 0x000002232d2ebc00 nmethod 242 0x0000022315e12a90 code [0x0000022315e12c60, 0x0000022315e12fa8]
Event: 0.186 Thread 0x000002232d2ebc00  244       3       org.jetbrains.capture.org.objectweb.asm.Type::getInternalName (12 bytes)
Event: 0.186 Thread 0x000002232d2ed070 nmethod 241 0x0000022315e13090 code [0x0000022315e13260, 0x0000022315e13598]
Event: 0.186 Thread 0x000002232d2ebc00 nmethod 244 0x0000022315e13690 code [0x0000022315e13860, 0x0000022315e13a88]
Event: 0.186 Thread 0x000002232d2dd4f0  245       4       java.lang.StringLatin1::replace (198 bytes)
Event: 0.190 Thread 0x000002232d2ed070  246       3       java.util.HashSet::contains (9 bytes)
Event: 0.191 Thread 0x000002232d2ed070 nmethod 246 0x0000022315e13b90 code [0x0000022315e13d40, 0x0000022315e13fd0]
Event: 0.193 Thread 0x000002232d2dd4f0 nmethod 245 0x000002231d986310 code [0x000002231d9864e0, 0x000002231d986b28]

GC Heap History (0 events):
No events

Dll operation events (10 events):
Event: 0.008 Loaded shared library C:\Users\waleed\.jdks\corretto-21.0.5\bin\java.dll
Event: 0.009 Loaded shared library C:\Users\waleed\.jdks\corretto-21.0.5\bin\zip.dll
Event: 0.028 Loaded shared library C:\Users\waleed\.jdks\corretto-21.0.5\bin\jsvml.dll
Event: 0.180 Loaded shared library C:\Users\waleed\.jdks\corretto-21.0.5\bin\instrument.dll
Event: 3.400 Loaded shared library C:\Users\waleed\.jdks\corretto-21.0.5\bin\net.dll
Event: 3.401 Loaded shared library C:\Users\waleed\.jdks\corretto-21.0.5\bin\nio.dll
Event: 3.419 Loaded shared library C:\Users\waleed\.jdks\corretto-21.0.5\bin\zip.dll
Event: 3.495 Loaded shared library C:\Users\waleed\.jdks\corretto-21.0.5\bin\jimage.dll
Event: 3.632 Loaded shared library C:\Users\waleed\AppData\Local\Temp\lwjglwaleed\3.2.3-build-13\lwjgl.dll
Event: 10.186 Loaded shared library C:\Users\waleed\AppData\Local\Temp\lwjglwaleed\3.2.3-build-13\lwjgl_opengl.dll

Deoptimization events (0 events):
No events

Classes loaded (20 events):
Event: 10.760 Loading class org/lwjgl/opengl/NVCopyImage
Event: 10.760 Loading class org/lwjgl/opengl/NVCopyImage done
Event: 10.762 Loading class org/lwjgl/opengl/NVDepthBufferFloat
Event: 10.762 Loading class org/lwjgl/opengl/NVDepthBufferFloat done
Event: 10.763 Loading class org/lwjgl/opengl/NVExplicitMultisample
Event: 10.763 Loading class org/lwjgl/opengl/NVExplicitMultisample done
Event: 10.766 Loading class org/lwjgl/opengl/NVHalfFloat
Event: 10.766 Loading class org/lwjgl/opengl/NVHalfFloat done
Event: 10.770 Loading class org/lwjgl/opengl/NVPrimitiveRestart
Event: 10.770 Loading class org/lwjgl/opengl/NVPrimitiveRestart done
Event: 10.772 Loading class org/lwjgl/opengl/NVTextureBarrier
Event: 10.772 Loading class org/lwjgl/opengl/NVTextureBarrier done
Event: 10.778 Loading class jdk/internal/reflect/MethodHandleLongFieldAccessorImpl
Event: 10.778 Loading class jdk/internal/reflect/MethodHandleLongFieldAccessorImpl done
Event: 10.783 Loading class org/lwjgl/system/CheckIntrinsics
Event: 10.783 Loading class org/lwjgl/system/CheckIntrinsics done
Event: 11.000 Loading class org/lwjgl/system/MultiReleaseMemCopy
Event: 11.000 Loading class org/lwjgl/system/MultiReleaseMemCopy done
Event: 11.002 Loading class org/lwjgl/opengl/GL11C
Event: 11.002 Loading class org/lwjgl/opengl/GL11C done

Classes unloaded (0 events):
No events

Classes redefined (0 events):
No events

Internal exceptions (20 events):
Event: 3.581 Thread 0x000002230d6ea980 Exception <a 'java/lang/NoSuchMethodError'{0x0000000719504fa0}: 'void java.lang.invoke.DelegatingMethodHandle$Holder.delegate(java.lang.Object, java.lang.Object, int, java.lang.Object)'> (0x0000000719504fa0) 
thrown [s\src\hotspot\share\interpreter\linkResolver.cpp, line 773]
Event: 3.582 Thread 0x000002230d6ea980 Exception <a 'java/lang/NoSuchMethodError'{0x0000000719508cf0}: 'int java.lang.invoke.DirectMethodHandle$Holder.invokeSpecial(java.lang.Object, java.lang.Object, java.lang.Object)'> (0x0000000719508cf0) 
thrown [s\src\hotspot\share\interpreter\linkResolver.cpp, line 773]
Event: 3.595 Thread 0x000002230d6ea980 Exception <a 'java/lang/NoSuchMethodError'{0x0000000719524ee8}: 'void java.lang.System.loadLibrary(java.lang.String, java.lang.Class)'> (0x0000000719524ee8) 
thrown [s\src\hotspot\share\interpreter\linkResolver.cpp, line 773]
Event: 3.638 Thread 0x000002230d6ea980 Exception <a 'sun/nio/fs/WindowsException'{0x0000000719592500}> (0x0000000719592500) 
thrown [s\src\hotspot\share\prims\jni.cpp, line 520]
Event: 3.639 Thread 0x000002230d6ea980 Exception <a 'sun/nio/fs/WindowsException'{0x0000000719593b38}> (0x0000000719593b38) 
thrown [s\src\hotspot\share\prims\jni.cpp, line 520]
Event: 3.730 Thread 0x000002230d6ea980 Exception <a 'sun/nio/fs/WindowsException'{0x00000007192c67b0}> (0x00000007192c67b0) 
thrown [s\src\hotspot\share\prims\jni.cpp, line 520]
Event: 3.730 Thread 0x000002230d6ea980 Exception <a 'sun/nio/fs/WindowsException'{0x00000007192c6b30}> (0x00000007192c6b30) 
thrown [s\src\hotspot\share\prims\jni.cpp, line 520]
Event: 3.742 Thread 0x000002230d6ea980 Exception <a 'java/lang/NoSuchMethodError'{0x00000007192dceb0}: 'int java.lang.invoke.Invokers$Holder.invokeExact_MT(java.lang.Object, java.lang.Object)'> (0x00000007192dceb0) 
thrown [s\src\hotspot\share\interpreter\linkResolver.cpp, line 773]
Event: 3.924 Thread 0x000002230d6ea980 Exception <a 'java/lang/NoSuchMethodError'{0x0000000719348650}: 'void java.lang.invoke.DirectMethodHandle$Holder.invokeStaticInit(java.lang.Object, long, double, double)'> (0x0000000719348650) 
thrown [s\src\hotspot\share\interpreter\linkResolver.cpp, line 773]
Event: 3.931 Thread 0x000002230d6ea980 Exception <a 'java/lang/NoSuchMethodError'{0x0000000719357478}: 'void java.lang.invoke.DirectMethodHandle$Holder.invokeStaticInit(java.lang.Object, long, int, int, int)'> (0x0000000719357478) 
thrown [s\src\hotspot\share\interpreter\linkResolver.cpp, line 773]
Event: 3.941 Thread 0x000002230d6ea980 Exception <a 'java/lang/NoSuchMethodError'{0x000000071936f4d8}: 'void java.lang.invoke.DirectMethodHandle$Holder.invokeStaticInit(java.lang.Object, long, int, int, int, int)'> (0x000000071936f4d8) 
thrown [s\src\hotspot\share\interpreter\linkResolver.cpp, line 773]
Event: 3.946 Thread 0x000002230d6ea980 Exception <a 'java/lang/NoSuchMethodError'{0x000000071937af30}: 'void java.lang.invoke.DirectMethodHandle$Holder.invokeStatic(java.lang.Object, long, int, int)'> (0x000000071937af30) 
thrown [s\src\hotspot\share\interpreter\linkResolver.cpp, line 773]
Event: 10.172 Thread 0x000002230d6ea980 Exception <a 'java/lang/NoSuchMethodError'{0x00000007193a4ea0}: 'void java.lang.System.load(java.lang.String, java.lang.Class)'> (0x00000007193a4ea0) 
thrown [s\src\hotspot\share\interpreter\linkResolver.cpp, line 773]
Event: 10.174 Thread 0x000002230d6ea980 Exception <a 'java/lang/NoSuchMethodError'{0x00000007193a7910}: 'void java.lang.System.loadLibrary(java.lang.String, java.lang.Class)'> (0x00000007193a7910) 
thrown [s\src\hotspot\share\interpreter\linkResolver.cpp, line 773]
Event: 10.184 Thread 0x000002230d6ea980 Exception <a 'sun/nio/fs/WindowsException'{0x00000007193b7148}> (0x00000007193b7148) 
thrown [s\src\hotspot\share\prims\jni.cpp, line 520]
Event: 10.185 Thread 0x000002230d6ea980 Exception <a 'sun/nio/fs/WindowsException'{0x00000007193b7500}> (0x00000007193b7500) 
thrown [s\src\hotspot\share\prims\jni.cpp, line 520]
Event: 10.196 Thread 0x000002230d6ea980 Exception <a 'sun/nio/fs/WindowsException'{0x00000007193bed40}> (0x00000007193bed40) 
thrown [s\src\hotspot\share\prims\jni.cpp, line 520]
Event: 10.196 Thread 0x000002230d6ea980 Exception <a 'sun/nio/fs/WindowsException'{0x00000007193bf030}> (0x00000007193bf030) 
thrown [s\src\hotspot\share\prims\jni.cpp, line 520]
Event: 10.779 Thread 0x000002230d6ea980 Exception <a 'java/lang/NoSuchMethodError'{0x0000000718bbe740}: 'long java.lang.invoke.DelegatingMethodHandle$Holder.reinvoke_L(java.lang.Object, java.lang.Object)'> (0x0000000718bbe740) 
thrown [s\src\hotspot\share\interpreter\linkResolver.cpp, line 773]
Event: 10.781 Thread 0x000002230d6ea980 Exception <a 'java/lang/NoSuchMethodError'{0x0000000718bc4cc0}: 'long java.lang.invoke.Invokers$Holder.invokeExact_MT(java.lang.Object, java.lang.Object, java.lang.Object)'> (0x0000000718bc4cc0) 
thrown [s\src\hotspot\share\interpreter\linkResolver.cpp, line 773]

ZGC Phase Switch (0 events):
No events

VM Operations (20 events):
Event: 6.687 Executing VM operation: ChangeSingleStep
Event: 6.687 Executing VM operation: ChangeSingleStep done
Event: 6.687 Executing VM operation: ChangeSingleStep
Event: 6.687 Executing VM operation: ChangeSingleStep done
Event: 6.688 Executing VM operation: ChangeSingleStep
Event: 6.688 Executing VM operation: ChangeSingleStep done
Event: 6.688 Executing VM operation: ChangeSingleStep
Event: 6.688 Executing VM operation: ChangeSingleStep done
Event: 6.693 Executing VM operation: get/set locals
Event: 6.693 Executing VM operation: get/set locals done
Event: 7.163 Executing VM operation: ChangeSingleStep
Event: 7.163 Executing VM operation: ChangeSingleStep done
Event: 7.163 Executing VM operation: ChangeSingleStep
Event: 7.163 Executing VM operation: ChangeSingleStep done
Event: 7.164 Executing VM operation: ChangeSingleStep
Event: 7.164 Executing VM operation: ChangeSingleStep done
Event: 7.164 Executing VM operation: ChangeSingleStep
Event: 7.164 Executing VM operation: ChangeSingleStep done
Event: 7.166 Executing VM operation: get/set locals
Event: 7.166 Executing VM operation: get/set locals done

Memory protections (0 events):
No events

Nmethod flushes (0 events):
No events

Events (16 events):
Event: 0.018 Thread 0x000002230d6ea980 Thread added: 0x000002230d6ea980
Event: 0.027 Thread 0x000002230d6ea980 Thread added: 0x000002232d2d1440
Event: 0.027 Thread 0x000002230d6ea980 Thread added: 0x000002232d2d3160
Event: 0.027 Thread 0x000002230d6ea980 Thread added: 0x000002232d2d51c0
Event: 0.027 Thread 0x000002230d6ea980 Thread added: 0x000002232d2d6c20
Event: 0.027 Thread 0x000002230d6ea980 Thread added: 0x000002232d2d8090
Event: 0.027 Thread 0x000002230d6ea980 Thread added: 0x000002232d2d9280
Event: 0.027 Thread 0x000002230d6ea980 Thread added: 0x000002232d2dd4f0
Event: 0.027 Thread 0x000002230d6ea980 Thread added: 0x000002232d2ebc00
Event: 0.054 Thread 0x000002230d6ea980 Thread added: 0x000002232d2a2070
Event: 0.058 Thread 0x000002232d2ebc00 Thread added: 0x000002232d2ed070
Event: 0.070 Thread 0x000002230d6ea980 Thread added: 0x000002232d596200
Event: 0.070 Thread 0x000002230d6ea980 Thread added: 0x000002232d596eb0
Event: 0.070 Thread 0x000002232d596200 Thread added: 0x000002232d5c35c0
Event: 0.188 Thread 0x000002230d6ea980 Thread added: 0x000002232d5eb500
Event: 5.205 Thread 0x000002232d2ed070 Thread exited: 0x000002232d2ed070


Dynamic libraries:
0x00007ff7fde00000 - 0x00007ff7fde0e000 	C:\Users\waleed\.jdks\corretto-21.0.5\bin\java.exe
0x00007ffdffe90000 - 0x00007ffe00088000 	C:\WINDOWS\SYSTEM32\ntdll.dll
0x00007ffdfe510000 - 0x00007ffdfe5d2000 	C:\WINDOWS\System32\KERNEL32.DLL
0x00007ffdfd740000 - 0x00007ffdfda3e000 	C:\WINDOWS\System32\KERNELBASE.dll
0x00007ffdfdba0000 - 0x00007ffdfdca0000 	C:\WINDOWS\System32\ucrtbase.dll
0x00007ffdd01a0000 - 0x00007ffdd01b8000 	C:\Users\waleed\.jdks\corretto-21.0.5\bin\jli.dll
0x00007ffdcf470000 - 0x00007ffdcf48b000 	C:\Users\waleed\.jdks\corretto-21.0.5\bin\VCRUNTIME140.dll
0x00007ffdfeb90000 - 0x00007ffdfed2d000 	C:\WINDOWS\System32\USER32.dll
0x00007ffdfdca0000 - 0x00007ffdfdcc2000 	C:\WINDOWS\System32\win32u.dll
0x00007ffddd110000 - 0x00007ffddd3aa000 	C:\WINDOWS\WinSxS\amd64_microsoft.windows.common-controls_6595b64144ccf1df_6.0.19041.4355_none_60b8b9eb71f62e16\COMCTL32.dll
0x00007ffdfed30000 - 0x00007ffdfed5b000 	C:\WINDOWS\System32\GDI32.dll
0x00007ffdff820000 - 0x00007ffdff8be000 	C:\WINDOWS\System32\msvcrt.dll
0x00007ffdfd620000 - 0x00007ffdfd737000 	C:\WINDOWS\System32\gdi32full.dll
0x00007ffdfd530000 - 0x00007ffdfd5cd000 	C:\WINDOWS\System32\msvcp_win.dll
0x00007ffdff5b0000 - 0x00007ffdff5df000 	C:\WINDOWS\System32\IMM32.DLL
0x00007ffdf07f0000 - 0x00007ffdf07fc000 	C:\Users\waleed\.jdks\corretto-21.0.5\bin\vcruntime140_1.dll
0x00007ffdc9380000 - 0x00007ffdc940d000 	C:\Users\waleed\.jdks\corretto-21.0.5\bin\msvcp140.dll
0x00007ffd9f300000 - 0x00007ffda009d000 	C:\Users\waleed\.jdks\corretto-21.0.5\bin\server\jvm.dll
0x00007ffdfe5e0000 - 0x00007ffdfe691000 	C:\WINDOWS\System32\ADVAPI32.dll
0x00007ffdff5e0000 - 0x00007ffdff67f000 	C:\WINDOWS\System32\sechost.dll
0x00007ffdff680000 - 0x00007ffdff7a3000 	C:\WINDOWS\System32\RPCRT4.dll
0x00007ffdfdcd0000 - 0x00007ffdfdcf7000 	C:\WINDOWS\System32\bcrypt.dll
0x00007ffdff7b0000 - 0x00007ffdff81b000 	C:\WINDOWS\System32\WS2_32.dll
0x00007ffdfd390000 - 0x00007ffdfd3db000 	C:\WINDOWS\SYSTEM32\POWRPROF.dll
0x00007ffdf37e0000 - 0x00007ffdf3807000 	C:\WINDOWS\SYSTEM32\WINMM.dll
0x00007ffdf6a80000 - 0x00007ffdf6a8a000 	C:\WINDOWS\SYSTEM32\VERSION.dll
0x00007ffdfd370000 - 0x00007ffdfd382000 	C:\WINDOWS\SYSTEM32\UMPDC.dll
0x00007ffdfb3b0000 - 0x00007ffdfb3c2000 	C:\WINDOWS\SYSTEM32\kernel.appcore.dll
0x00007ffddb890000 - 0x00007ffddb89a000 	C:\Users\waleed\.jdks\corretto-21.0.5\bin\jimage.dll
0x00007ffdf2ea0000 - 0x00007ffdf3084000 	C:\WINDOWS\SYSTEM32\DBGHELP.DLL
0x00007ffdf1200000 - 0x00007ffdf1234000 	C:\WINDOWS\SYSTEM32\dbgcore.DLL
0x00007ffdfdd00000 - 0x00007ffdfdd82000 	C:\WINDOWS\System32\bcryptPrimitives.dll
0x00007ffdec660000 - 0x00007ffdec69c000 	C:\Users\waleed\.jdks\corretto-21.0.5\bin\jdwp.dll
0x00007ffdd8ce0000 - 0x00007ffdd8cee000 	C:\Users\waleed\.jdks\corretto-21.0.5\bin\instrument.dll
0x00007ffdcf3d0000 - 0x00007ffdcf3ef000 	C:\Users\waleed\.jdks\corretto-21.0.5\bin\java.dll
0x00007ffdcefc0000 - 0x00007ffdcefd8000 	C:\Users\waleed\.jdks\corretto-21.0.5\bin\zip.dll
0x00007ffdfee40000 - 0x00007ffdff5ad000 	C:\WINDOWS\System32\SHELL32.dll
0x00007ffdfb5b0000 - 0x00007ffdfbd54000 	C:\WINDOWS\SYSTEM32\windows.storage.dll
0x00007ffdfe140000 - 0x00007ffdfe493000 	C:\WINDOWS\System32\combase.dll
0x00007ffdfcef0000 - 0x00007ffdfcf1e000 	C:\WINDOWS\SYSTEM32\Wldp.dll
0x00007ffdfe6a0000 - 0x00007ffdfe76d000 	C:\WINDOWS\System32\OLEAUT32.dll
0x00007ffdfe790000 - 0x00007ffdfe83d000 	C:\WINDOWS\System32\SHCORE.dll
0x00007ffdfea80000 - 0x00007ffdfead5000 	C:\WINDOWS\System32\shlwapi.dll
0x00007ffdfd460000 - 0x00007ffdfd484000 	C:\WINDOWS\SYSTEM32\profapi.dll
0x00007ffdc1c50000 - 0x00007ffdc1d27000 	C:\Users\waleed\.jdks\corretto-21.0.5\bin\jsvml.dll
0x00007ffdf0810000 - 0x00007ffdf081b000 	C:\Users\waleed\.jdks\corretto-21.0.5\bin\dt_socket.dll
0x00007ffdfc930000 - 0x00007ffdfc96b000 	C:\WINDOWS\SYSTEM32\IPHLPAPI.DLL
0x00007ffdfcc50000 - 0x00007ffdfccba000 	C:\WINDOWS\system32\mswsock.dll
0x00007ffdd85b0000 - 0x00007ffdd85c0000 	C:\Users\waleed\.jdks\corretto-21.0.5\bin\net.dll
0x00007ffdf7ee0000 - 0x00007ffdf7fed000 	C:\WINDOWS\SYSTEM32\WINHTTP.dll
0x00007ffdcdad0000 - 0x00007ffdcdae6000 	C:\Users\waleed\.jdks\corretto-21.0.5\bin\nio.dll
0x00007ffdd3e10000 - 0x00007ffdd3e74000 	C:\Users\waleed\AppData\Local\Temp\lwjglwaleed\3.2.3-build-13\lwjgl.dll
0x00007ffdcd4c0000 - 0x00007ffdcd522000 	C:\Users\waleed\AppData\Local\Temp\lwjglwaleed\3.2.3-build-13\glfw.dll
0x00007ffdfae80000 - 0x00007ffdfaf1e000 	C:\WINDOWS\system32\uxtheme.dll
0x00007ffdcf490000 - 0x00007ffdcf4d5000 	C:\WINDOWS\SYSTEM32\dinput8.dll
0x00007ffdec760000 - 0x00007ffdec771000 	C:\WINDOWS\SYSTEM32\xinput1_4.dll
0x00007ffdfd5d0000 - 0x00007ffdfd61e000 	C:\WINDOWS\System32\cfgmgr32.dll
0x00007ffdfd250000 - 0x00007ffdfd283000 	C:\WINDOWS\SYSTEM32\DEVOBJ.dll
0x00007ffdfb1d0000 - 0x00007ffdfb1ff000 	C:\WINDOWS\SYSTEM32\dwmapi.dll
0x00007ffddace0000 - 0x00007ffddae32000 	C:\WINDOWS\SYSTEM32\inputhost.dll
0x00007ffdf9d60000 - 0x00007ffdf9eb7000 	C:\WINDOWS\SYSTEM32\wintypes.dll
0x00007ffdfa860000 - 0x00007ffdfa956000 	C:\WINDOWS\SYSTEM32\PROPSYS.dll
0x00007ffdf84a0000 - 0x00007ffdf87fb000 	C:\WINDOWS\SYSTEM32\CoreUIComponents.dll
0x00007ffdf8800000 - 0x00007ffdf88f2000 	C:\WINDOWS\SYSTEM32\CoreMessaging.dll
0x00007ffdfc7c0000 - 0x00007ffdfc7f3000 	C:\WINDOWS\SYSTEM32\ntmarta.dll
0x00007ffdff8c0000 - 0x00007ffdff9d5000 	C:\WINDOWS\System32\MSCTF.dll
0x00007ffdfbd60000 - 0x00007ffdfbd6d000 	C:\WINDOWS\SYSTEM32\HID.DLL
0x00007ffdff9e0000 - 0x00007ffdffe4e000 	C:\WINDOWS\System32\SETUPAPI.DLL
0x00007ffdfde40000 - 0x00007ffdfdea9000 	C:\WINDOWS\System32\WINTRUST.dll
0x00007ffdfda40000 - 0x00007ffdfdb9c000 	C:\WINDOWS\System32\CRYPT32.dll
0x00007ffdfd080000 - 0x00007ffdfd092000 	C:\WINDOWS\SYSTEM32\MSASN1.dll
0x00007ffdc8820000 - 0x00007ffdc8948000 	C:\WINDOWS\SYSTEM32\opengl32.dll
0x00007ffde02e0000 - 0x00007ffde030c000 	C:\WINDOWS\SYSTEM32\GLU32.dll
0x00007ffdfeae0000 - 0x00007ffdfeb89000 	C:\WINDOWS\System32\clbcatq.dll
0x00007ffdd01c0000 - 0x00007ffdd01ea000 	C:\WINDOWS\System32\DriverStore\FileRepository\u0367686.inf_amd64_8619bf9fd6ff97a0\B366682\atig6pxx.dll
0x00007ffd6c6b0000 - 0x00007ffd6f499000 	C:\WINDOWS\System32\DriverStore\FileRepository\u0367686.inf_amd64_8619bf9fd6ff97a0\B366682\atio6axx.dll
0x00007ffdfdf10000 - 0x00007ffdfe03b000 	C:\WINDOWS\System32\ole32.dll
0x00007ffda3a40000 - 0x00007ffda3a64000 	C:\WINDOWS\SYSTEM32\dxva2.dll
0x00007ffdccb80000 - 0x00007ffdccbbc000 	C:\WINDOWS\System32\DriverStore\FileRepository\u0367686.inf_amd64_8619bf9fd6ff97a0\B366682\atig6txx.dll
0x00007ffdc42f0000 - 0x00007ffdc44a8000 	C:\WINDOWS\SYSTEM32\atiadlxx.dll
0x00007ffdfe840000 - 0x00007ffdfe848000 	C:\WINDOWS\System32\PSAPI.DLL
0x00007ffddfb70000 - 0x00007ffddfbc1000 	C:\WINDOWS\SYSTEM32\pdh.dll
0x00007ffddfe40000 - 0x00007ffddfe7b000 	C:\WINDOWS\SYSTEM32\dxcore.dll
0x00007ffddb190000 - 0x00007ffddb289000 	C:\WINDOWS\SYSTEM32\textinputframework.dll
0x00007ffdc7e10000 - 0x00007ffdc7e69000 	C:\Users\waleed\AppData\Local\Temp\lwjglwaleed\3.2.3-build-13\lwjgl_opengl.dll

dbghelp: loaded successfully - version: 4.0.5 - missing functions: none
symbol engine: initialized successfully - sym options: 0x614 - pdb path: .;C:\Users\waleed\.jdks\corretto-21.0.5\bin;C:\WINDOWS\SYSTEM32;C:\WINDOWS\WinSxS\amd64_microsoft.windows.common-controls_6595b64144ccf1df_6.0.19041.4355_none_60b8b9eb71f62e16;C:\Users\waleed\.jdks\corretto-21.0.5\bin\server;C:\Users\waleed\AppData\Local\Temp\lwjglwaleed\3.2.3-build-13;C:\WINDOWS\System32\DriverStore\FileRepository\u0367686.inf_amd64_8619bf9fd6ff97a0\B366682

VM Arguments:
jvm_args: -Ddebugger.agent.enable.coroutines=true -Dkotlinx.coroutines.debug.enable.creation.stack.trace=false -agentlib:jdwp=transport=dt_socket,server=n,suspend=y,address=127.0.0.1:58898 -javaagent:C:\Users\waleed\AppData\Local\JetBrains\IdeaIC2024.2\captureAgent\debugger-agent.jar -Dfile.encoding=UTF-8 -Duser.country=US -Duser.language=en -Duser.variant 
java_command: Main
java_class_path (initial): C:\Users\waleed\source\repos\Laevis\build\classes\java\main;C:\Users\waleed\source\repos\Laevis\build\resources\main;C:\Users\waleed\.gradle\caches\modules-2\files-2.1\io.github.spair\imgui-java-app\1.81.0\37a0be053a63da53c3628b3d6186ccbd380f7106\imgui-java-app-1.81.0.jar;C:\Users\waleed\.gradle\caches\modules-2\files-2.1\io.github.spair\imgui-java-natives-windows\1.81.0\8359194278b89c84b416b76f2c67cad97cf56cff\imgui-java-natives-windows-1.81.0.jar;C:\Users\waleed\.gradle\caches\modules-2\files-2.1\com.google.code.gson\gson\2.11.0\527175ca6d81050b53bdd4c457a6d6e017626b0e\gson-2.11.0.jar;C:\Users\waleed\.gradle\caches\modules-2\files-2.1\io.github.spair\imgui-java-lwjgl3\1.81.0\6c92680fc6e9951532445ecc35b44f2d4cd82d76\imgui-java-lwjgl3-1.81.0.jar;C:\Users\waleed\.gradle\caches\modules-2\files-2.1\org.lwjgl\lwjgl-assimp\3.2.3\f62aa07a20afbdd3097efc296c4841e0d29700eb\lwjgl-assimp-3.2.3.jar;C:\Users\waleed\.gradle\caches\modules-2\files-2.1\org.lwjgl\lwjgl-assimp\3.2.3\4e60aeb75f0343c4a9ede4ef8b6b32ca702a00a3\lwjgl-assimp-3.2.3-natives-windows.jar;C:\Users\waleed\.gradle\caches\modules-2\files-2.1\org.lwjgl\lwjgl-glfw\3.2.3\5e520d5c290c8b012545a8d34fa5db5ab051ea53\lwjgl-glfw-3.2.3.jar;C:\Users\waleed\.gradle\caches\modules-2\files-2.1\org.lwjgl\lwjgl-glfw\3.2.3\b4d8a3477cdc2edcf7a5f1e822926be846223f54\lwjgl-glfw-3.2.3-natives-windows.jar;C:\Users\waleed\.gradle\caches\modules-2\files-2.1\org.lwjgl\lwjgl-glfw\3.2.3\62b044d9b0a057444bef2ab70b9afc288ec09dba\lwjgl-glfw-3.2.3-natives-linux.jar;C:\Users\waleed\.gradle\caches\modules-2\files-2.1\org.lwjgl\lwjgl-glfw\3.2.3\58661272eacb9116336c88b4aadccf1f17c09b\lwjgl-glfw-3.2.3-natives-macos.jar;C:\Users\waleed\.gradle\caches\modules-2\files-2.1\org.lwjgl\lwjgl-nfd\3.2.3\c44fee1043c022cf6614a28872d44cf114ca7737\lwjgl-nfd-3.2.3.jar;C:\Users\waleed\.gradle\caches\modules-2\files-2.1\org.lwjgl\lwjgl-nfd\3.2.3\32782f5f5c57769efb82af864e70b819c77bc891\lwjgl-nfd-3.2.3-natives-windows.jar;C:\Users\waleed\.gradle\caches\modules-2\files-2.1\org.lwjgl\lwjgl-openal\3.2.3\106742e805803ab9eab8e343f0fb31a3d263903c\lwjgl-openal-3.2.3.jar;C:\Users\waleed\.gradle\caches\modules-2\files-2.1\org.lwjgl\lwjgl-openal\3.2.3\ec898e8ce11b5886f4f532a1536283ef2817758d\lwjgl-openal-3.2.3-natives-windows.jar;C:\Users\waleed\.gradle\caches\modules-2\files-2.1\org.lwjgl\lwjgl-opengl\3.2.3\bdd534a323d0c8f54969b95e424b6ac8984f7d6e\lwjgl-opengl-3.2.3.jar;C:\Users\waleed\.gradle\caches\modules-2\files-2.1\org.lwjgl\lwjgl-opengl\3.2.3\e81cfc73ec8708e5e791ed770e4ec3edfc1bbab1\lwjgl-opengl-3.2.3-natives-windows.jar;C:\Users\waleed\.gradle\caches\modules-2\files-2.1\org.lwjgl\lwjgl-opengl\3.2.3\7f14db5da9aa7951efe88993f519d7d38ad6e46b\lwjgl-opengl-3.2.3-natives-linux.jar;C:\Users\waleed\.gradle\caches\modules-2\files-2.1\org.lwjgl\lwjgl-opengl\3.2.3\efa3326c11336d3e74c9c8aeceb2420328d28e6b\lwjgl-opengl-3.2.3-natives-macos.jar;C:\Users\waleed\.gradle\caches\modules-2\files-2.1\org.lwjgl\lwjgl-stb\3.2.3\40eccaa4fa86fc815f2e17946a392fb5fdcc286a\lwjgl-stb-3.2.3.jar;C:\Users\waleed\.gradle\caches\modules-2\files-2.1\org.lwjgl\lwjgl-stb\3.2.3\817b21ec286f0ba3dcedb56a3bd275e6a9345be9\lwjgl-stb-3.2.3-natives-windows.jar;C:\Users\waleed\.gradle\caches\modules-2\files-2.1\org.lwjgl\lwjgl\3.2.3\17a59ba0fe8d474ec9dbe0d5db40d2cfe59c4c08\lwjgl-3.2.3.jar;C:\Users\waleed\.gradle\caches\modules-2\files-2.1\org.lwjgl\lwjgl\3.2.3\27f32cd35349684745951e04388e8e00d681cdcd\lwjgl-3.2.3-natives-windows.jar;C:\Users\waleed\.gradle\caches\modules-2\files-2.1\org.lwjgl\lwjgl\3.2.3\3d9d36c93446c7a1c90bc7aec8fa89c7988bf82b\lwjgl-3.2.3-natives-linux.jar;C:\Users\waleed\.gradle\caches\modules-2\files-2.1\org.lwjgl\lwjgl\3.2.3\35f506c5d368017a3cc5590da3d6d3a0760fb606\lwjgl-3.2.3-natives-macos.jar;C:\Users\waleed\.gradle\caches\modules-2\files-2.1\org.joml\joml\1.10.7\f8c3f2e7db281bde099342dd36133de4bbba390c\joml-1.10.7.jar;C:\Users\waleed\.gradle\caches\modules-2\files-2.1\io.github.spair\imgui-java-binding\1.81.0\aa24c1101600b47d2f562ad3c8987b14e79e5d0d\imgui-java-binding-1.81.0.jar;C:\Users\waleed\.gradle\caches\modules-2\files-2.1\com.google.errorprone\error_prone_annotations\2.27.0\91b2c29d8a6148b5e2e4930f070d4840e2e48e34\error_prone_annotations-2.27.0.jar;C:\Users\waleed\.gradle\caches\modules-2\files-2.1\org.jetbrains.kotlin\kotlin-stdlib-jdk8\1.8.20\73576ddf378c5b4f1f6b449fe6b119b8183fc078\kotlin-stdlib-jdk8-1.8.20.jar;C:\Users\waleed\.gradle\caches\modules-2\files-2.1\org.jetbrains.kotlin\kotlin-stdlib-jdk7\1.8.20\3aa51faf20aae8b31e1a4bc54f8370673d7b7df4\kotlin-stdlib-jdk7-1.8.20.jar;C:\Users\waleed\.gradle\caches\modules-2\files-2.1\org.jetbrains.kotlin\kotlin-stdlib\1.8.20\e72fc5e03ec6c064c678a6bd0d955c88d55b0c4a\kotlin-stdlib-1.8.20.jar;C:\Users\waleed\.gradle\caches\modules-2\files-2.1\org.jetbrains.kotlin\kotlin-stdlib-common\1.8.20\5eddaaf234c8c49d03eebeb6a14feb7f90faca71\kotlin-stdlib-common-1.8.20.jar;C:\Users\waleed\.gradle\caches\modules-2\files-2.1\org.jetbrains\annotations\13.0\919f0dfe192fb4e063e7dacadee7f8bb9a2672a9\annotations-13.0.jar
Launcher Type: SUN_STANDARD

[Global flags]
     intx CICompilerCount                          = 12                                        {product} {ergonomic}
     uint ConcGCThreads                            = 3                                         {product} {ergonomic}
     uint G1ConcRefinementThreads                  = 13                                        {product} {ergonomic}
   size_t G1HeapRegionSize                         = 2097152                                   {product} {ergonomic}
    uintx GCDrainStackTargetSize                   = 64                                        {product} {ergonomic}
   size_t InitialHeapSize                          = 257949696                                 {product} {ergonomic}
   size_t MarkStackSize                            = 4194304                                   {product} {ergonomic}
   size_t MaxHeapSize                              = 4120903680                                {product} {ergonomic}
   size_t MaxNewSize                               = 2472542208                                {product} {ergonomic}
   size_t MinHeapDeltaBytes                        = 2097152                                   {product} {ergonomic}
   size_t MinHeapSize                              = 8388608                                   {product} {ergonomic}
    uintx NonNMethodCodeHeapSize                   = 7602480                                {pd product} {ergonomic}
    uintx NonProfiledCodeHeapSize                  = 122027880                              {pd product} {ergonomic}
    uintx ProfiledCodeHeapSize                     = 122027880                              {pd product} {ergonomic}
    uintx ReservedCodeCacheSize                    = 251658240                              {pd product} {ergonomic}
     bool SegmentedCodeCache                       = true                                      {product} {ergonomic}
   size_t SoftMaxHeapSize                          = 4120903680                             {manageable} {ergonomic}
     bool UseCompressedOops                        = true                           {product lp64_product} {ergonomic}
     bool UseG1GC                                  = true                                      {product} {ergonomic}
     bool UseLargePagesIndividualAllocation        = false                                  {pd product} {ergonomic}

Logging:
Log output configuration:
 #0: stdout all=warning uptime,level,tags foldmultilines=false
 #1: stderr all=off uptime,level,tags foldmultilines=false

Environment Variables:
PATH=C:\Program Files\Common Files\Oracle\Java\javapath;C:\Program Files (x86)\Common Files\Oracle\Java\java8path;C:\Program Files (x86)\Common Files\Oracle\Java\javapath;C:\Python312\Scripts\;C:\Python312\;C:\WINDOWS\system32;C:\WINDOWS;C:\WINDOWS\System32\Wbem;C:\WINDOWS\System32\WindowsPowerShell\v1.0\;C:\WINDOWS\System32\OpenSSH\;C:\Program Files\dotnet\;C:\Program Files\Mingw\bin;C:\ProgramData\Microsoft\Windows\Start Menu\Programs\Python 3.9;C:\Users\waleed\AppData\Local\Programs\Python\Python311;C:\Program Files (x86)\Microsoft Visual Studio\2022\BuildTools\VC\Tools\MSVC\14.36.32532\bin\Hostx64\x64;C:\Program Files (x86)\NVIDIA Corporation\PhysX\Common;C:\Program Files\Microsoft SQL Server\150\Tools\Binn\;C:\Program Files\Microsoft SQL Server\Client SDK\ODBC\170\Tools\Binn\;C:\Program Files\Lua;C:\Program Files\LuaRocks;C:\Program Files (x86)\Microsoft SQL Server\160\Tools\Binn\;C:\Program Files\Microsoft SQL Server\160\Tools\Binn\;C:\Program Files\Microsoft SQL Server\160\DTS\Binn\;C:\Program Files (x86)\Microsoft SQL Server\160\DTS\Binn\;C:\Program Files\Nodejs\;C:\ProgramData\chocolatey\bin;C:\Program Files\CMake\bin;C:\Program Files\Git\cmd;C:\Users\waleed\AppData\Roaming\Python\Python312\Scripts;C:\Users\waleed\AppData\Roaming\Python\Python312\Scripts;C:\Users\waleed\.cargo\bin;C:\Users\waleed\AppData\Local\Programs\Python\Python311\Scripts\;C:\Users\waleed\AppData\Local\Programs\Python\Python311\;C:\Users\waleed\AppData\Local\pip\;C:\Users\waleed\AppData\Local\Programs\Microsoft VS Code\bin;C:\Users\waleed\AppData\Local\GitHubDesktop\bin;C:\Users\waleed\.dotnet\tools;C:\Users\waleed\AppData\Local\GitHubDesktop\app-3.3.14\resources\app\git\mingw64\bin;C:\Users\waleed\AppData\Roaming\npm;C:\Program Files\Neovim\bin;C:\Program Files\JetBrains\RustRover 2024.1.5\bin;;C:\Users\waleed\AppData\Roaming\Python\Python312\Scripts;;C:\Program Files\JetBrains\IntelliJ IDEA Community Edition 2024.2.4\bin;
USERNAME=waleed
OS=Windows_NT
PROCESSOR_IDENTIFIER=AMD64 Family 25 Model 80 Stepping 0, AuthenticAMD
TMP=C:\Users\waleed\AppData\Local\Temp
TEMP=C:\Users\waleed\AppData\Local\Temp




Periodic native trim disabled

---------------  S Y S T E M  ---------------

OS:
 Windows 10 , 64 bit Build 19041 (10.0.19041.5198)
OS uptime: 11 days 1:37 hours

CPU: total 16 (initial active 16) (16 cores per cpu, 2 threads per core) family 25 model 80 stepping 0 microcode 0x0, cx8, cmov, fxsr, ht, mmx, 3dnowpref, sse, sse2, sse3, ssse3, sse4a, sse4.1, sse4.2, popcnt, lzcnt, tsc, tscinvbit, avx, avx2, aes, erms, clmul, bmi1, bmi2, adx, sha, fma, vzeroupper, clflush, clflushopt, rdtscp, rdpid, fsrm, f16c, pku, cet_ss
Processor Information for all 16 processors :
  Max Mhz: 3201, Current Mhz: 3201, Mhz Limit: 3201

Memory: 4k page, system-wide physical 15715M (4265M free)
TotalPageFile size 25955M (AvailPageFile size 8554M)
current process WorkingSet (physical memory assigned to process): 96M, peak: 96M
current process commit charge ("private bytes"): 437M, peak: 437M

vm_info: OpenJDK 64-Bit Server VM (21.0.5+11-LTS) for windows-amd64 JRE (21.0.5+11-LTS), built on 2024-10-11T20:58:34Z by "Administrator" with MS VC++ 16.10 / 16.11 (VS2019)

END.
